Base path: D:/Program Files (x86)/Unity/Editor/Data
Pipe name: \\.\pipe\UnityShaderCompiler-2-8252
Cmd: getPlatforms
Cmd: compileSnippet
  api=1 type=0 insize=5672 outsize=318 kw= ok=1
Cmd: compileSnippet
  api=0 type=0 insize=5672 outsize=501 kw= ok=1
Cmd: compileSnippet
  api=0 type=0 insize=5666 outsize=2686 kw= ok=1
Cmd: compileSnippet
  api=1 type=1 insize=5668 outsize=4351 kw= ok=1
Cmd: compileSnippet
  api=8 type=1 insize=1258 outsize=2487 kw= ok=1
Cmd: compileSnippet
  api=8 type=1 insize=985 outsize=1658 kw= ok=1
Cmd: compileSnippet
  api=1 type=0 insize=3753 outsize=443 kw= ok=1
Cmd: compileSnippet
  api=0 type=0 insize=3766 outsize=561 kw= ok=1
Cmd: compileSnippet
  api=0 type=0 insize=3757 outsize=561 kw= ok=1
Cmd: compileSnippet
  api=0 type=1 insize=905 outsize=200 kw= ok=1
Unhandled exception: Readfile from pipe failed. GLE=管道已结束。


Quitting shader compiler process
