Base path: C:/Program Files/Unity/Editor/Data
Pipe name: \\.\pipe\UnityShaderCompiler-64bit-1-51916
Cmd: getPlatforms
Cmd: preprocess
  insize=9195 outsize=2321 ok=1
Cmd: compileSnippet
  api=4 type=0 insize=6522 outsize=1006 kw= ok=1
Cmd: compileSnippet
  api=4 type=1 insize=6522 outsize=1899 kw= ok=1
Cmd: compileSnippet
  api=4 type=0 insize=6517 outsize=1006 kw= ok=1
Cmd: compileSnippet
  api=4 type=1 insize=6517 outsize=3565 kw= ok=1
Cmd: compileSnippet
  api=4 type=0 insize=6517 outsize=1006 kw= ok=1
Cmd: compileSnippet
  api=4 type=1 insize=6517 outsize=1485 kw= ok=1
Cmd: compileSnippet
  api=4 type=0 insize=6517 outsize=1006 kw= ok=1
Cmd: compileSnippet
  api=4 type=1 insize=6517 outsize=1485 kw= ok=1
Cmd: compileSnippet
  api=4 type=0 insize=6519 outsize=1006 kw= ok=1
Cmd: compileSnippet
  api=4 type=1 insize=6519 outsize=1810 kw= ok=1
Cmd: compileSnippet
  api=4 type=0 insize=6519 outsize=1006 kw= ok=1
Cmd: compileSnippet
  api=4 type=1 insize=6519 outsize=1485 kw= ok=1
Cmd: compileSnippet
  api=4 type=0 insize=6528 outsize=1006 kw= ok=1
Cmd: compileSnippet
  api=4 type=1 insize=6528 outsize=1444 kw= ok=1
Cmd: compileSnippet
  api=4 type=0 insize=6533 outsize=1006 kw= ok=1
Cmd: compileSnippet
  api=4 type=1 insize=6533 outsize=1363 kw= ok=1
Cmd: compileSnippet
  api=4 type=0 insize=6526 outsize=1006 kw= ok=1
Cmd: compileSnippet
  api=4 type=1 insize=6526 outsize=868 kw= ok=1
Cmd: compileSnippet
  api=4 type=0 insize=6524 outsize=1006 kw= ok=1
Cmd: compileSnippet
  api=4 type=1 insize=6524 outsize=1526 kw= ok=1
Cmd: compileSnippet
  api=4 type=0 insize=6531 outsize=1006 kw= ok=1
Cmd: compileSnippet
  api=4 type=1 insize=6531 outsize=1948 kw= ok=1
Cmd: preprocess
  insize=11276 outsize=717 ok=1
Cmd: compileSnippet
  api=4 type=0 insize=10591 outsize=1006 kw= ok=1
Cmd: compileSnippet
  api=4 type=1 insize=10591 outsize=1688 kw= ok=1
Cmd: compileSnippet
  api=4 type=0 insize=10613 outsize=1006 kw= ok=1
Cmd: compileSnippet
  api=4 type=1 insize=10613 outsize=9285 kw= ok=1
Cmd: compileSnippet
  api=4 type=0 insize=10612 outsize=1006 kw= ok=1
Cmd: compileSnippet
  api=4 type=1 insize=10612 outsize=9301 kw= ok=1
Cmd: preprocess
  insize=343 outsize=340 ok=1
Cmd: preprocess
  insize=2641 outsize=2638 ok=1
Cmd: preprocess
  insize=1209 outsize=458 ok=1
Cmd: compileSnippet
  api=4 type=0 insize=997 outsize=1006 kw= ok=1
Cmd: compileSnippet
  api=4 type=1 insize=997 outsize=859 kw= ok=1
Cmd: compileSnippet
  api=4 type=0 insize=996 outsize=1006 kw= ok=1
Cmd: compileSnippet
  api=4 type=1 insize=996 outsize=859 kw= ok=1
Cmd: preprocess
  insize=9741 outsize=918 ok=1
Cmd: compileSnippet
  api=4 type=0 insize=9031 outsize=1924 kw= ok=1
Cmd: compileSnippet
  api=4 type=1 insize=9031 outsize=3110 kw= ok=1
Cmd: compileSnippet
  api=4 type=0 insize=9035 outsize=2013 kw= ok=1
Cmd: compileSnippet
  api=4 type=1 insize=9035 outsize=3313 kw= ok=1
Cmd: compileSnippet
  api=4 type=0 insize=9055 outsize=1355 kw= ok=1
Cmd: compileSnippet
  api=4 type=1 insize=9055 outsize=4979 kw= ok=1
Cmd: compileSnippet
  api=4 type=0 insize=9050 outsize=1355 kw= ok=1
Cmd: compileSnippet
  api=4 type=1 insize=9050 outsize=5239 kw= ok=1
Cmd: compileSnippet
  api=4 type=0 insize=9054 outsize=1493 kw= ok=1
Cmd: compileSnippet
  api=4 type=1 insize=9054 outsize=1518 kw= ok=1
Cmd: preprocess
  insize=603 outsize=1133 ok=1
Cmd: compileSnippet
  api=4 type=0 insize=6768 outsize=3663 kw=DIRECTIONAL LIGHTMAP_OFF DIRLIGHTMAP_OFF DYNAMICLIGHTMAP_OFF ok=1
Cmd: compileSnippet
  api=4 type=1 insize=6768 outsize=1314 kw=DIRECTIONAL LIGHTMAP_OFF DIRLIGHTMAP_OFF DYNAMICLIGHTMAP_OFF ok=1
Cmd: compileSnippet
  api=4 type=0 insize=3606 outsize=2753 kw=POINT ok=1
Cmd: compileSnippet
  api=4 type=1 insize=3606 outsize=1948 kw=POINT ok=1
Cmd: compileSnippet
  api=4 type=0 insize=3039 outsize=2484 kw= ok=1
Cmd: compileSnippet
  api=4 type=1 insize=3039 outsize=1314 kw= ok=1
Cmd: preprocess
  insize=1685 outsize=352 ok=1
Cmd: compileSnippet
  api=4 type=0 insize=1635 outsize=1363 kw= ok=1
Cmd: compileSnippet
  api=4 type=1 insize=1635 outsize=1981 kw= ok=1
Cmd: preprocess
  insize=919 outsize=355 ok=1
Cmd: compileSnippet
  api=4 type=0 insize=869 outsize=1006 kw= ok=1
Cmd: compileSnippet
  api=4 type=1 insize=869 outsize=1241 kw= ok=1
Cmd: preprocess
  insize=219 outsize=219 ok=1
Cmd: preprocess
  insize=2367 outsize=899 ok=1
Cmd: compileSnippet
  api=4 type=0 insize=1770 outsize=1713 kw= ok=1
Cmd: compileSnippet
  api=4 type=1 insize=1770 outsize=1306 kw= ok=1
Cmd: preprocess
  insize=1571 outsize=492 ok=1
Cmd: compileSnippet
  api=4 type=0 insize=1381 outsize=1404 kw= ok=1
Cmd: compileSnippet
  api=4 type=1 insize=1381 outsize=1753 kw= ok=1
Cmd: preprocess
  insize=1006 outsize=316 ok=1
Cmd: compileSnippet
  api=4 type=0 insize=995 outsize=1006 kw= ok=1
Cmd: compileSnippet
  api=4 type=1 insize=995 outsize=973 kw= ok=1
Cmd: preprocess
  insize=5231 outsize=2186 ok=1
Cmd: compileSnippet
  api=4 type=0 insize=3349 outsize=1973 kw=WATER_REFRACTIVE ok=1
Cmd: compileSnippet
  api=4 type=1 insize=3349 outsize=2891 kw=WATER_REFRACTIVE ok=1
Cmd: preprocess
  insize=1989 outsize=486 ok=1
Cmd: compileSnippet
  api=4 type=0 insize=1805 outsize=1006 kw= ok=1
Cmd: compileSnippet
  api=4 type=1 insize=1805 outsize=1704 kw= ok=1
Cmd: preprocess
  insize=2355 outsize=505 ok=1
Cmd: compileSnippet
  api=4 type=0 insize=2154 outsize=2094 kw= ok=1
Cmd: compileSnippet
  api=4 type=1 insize=2154 outsize=1648 kw= ok=1
Cmd: preprocess
  insize=1291 outsize=412 ok=1
Cmd: compileSnippet
  api=4 type=0 insize=1184 outsize=1355 kw= ok=1
Cmd: compileSnippet
  api=4 type=1 insize=1184 outsize=1542 kw= ok=1
Cmd: preprocess
  insize=3615 outsize=712 ok=1
Cmd: compileSnippet
  api=4 type=0 insize=3140 outsize=1006 kw= ok=1
Cmd: compileSnippet
  api=4 type=1 insize=3140 outsize=1355 kw= ok=1
Cmd: compileSnippet
  api=4 type=0 insize=3138 outsize=1006 kw= ok=1
Cmd: compileSnippet
  api=4 type=1 insize=3138 outsize=1225 kw= ok=1
Cmd: compileSnippet
  api=4 type=0 insize=3183 outsize=1006 kw= ok=1
Cmd: compileSnippet
  api=4 type=1 insize=3183 outsize=2801 kw= ok=1
Cmd: preprocess
  insize=2740 outsize=3554 ok=1
Cmd: compileSnippet
  api=4 type=0 insize=6970 outsize=3435 kw=DIRECTIONAL SHADOWS_OFF LIGHTMAP_OFF DIRLIGHTMAP_OFF DYNAMICLIGHTMAP_OFF ok=1
Cmd: compileSnippet
  api=4 type=1 insize=6970 outsize=1794 kw=DIRECTIONAL SHADOWS_OFF LIGHTMAP_OFF DIRLIGHTMAP_OFF DYNAMICLIGHTMAP_OFF ok=1
Cmd: compileSnippet
  api=4 type=0 insize=3759 outsize=2679 kw=POINT ok=1
Cmd: compileSnippet
  api=4 type=1 insize=3759 outsize=1761 kw=POINT ok=1
Cmd: compileSnippet
  api=4 type=0 insize=3011 outsize=2533 kw= ok=1
Cmd: compileSnippet
  api=4 type=1 insize=3011 outsize=697 kw= ok=1
Cmd: compileSnippet
  api=4 type=0 insize=6255 outsize=4118 kw=LIGHTMAP_OFF DIRLIGHTMAP_OFF DYNAMICLIGHTMAP_OFF HDR_LIGHT_PREPASS_OFF ok=1
Cmd: compileSnippet
  api=4 type=1 insize=6255 outsize=1534 kw=LIGHTMAP_OFF DIRLIGHTMAP_OFF DYNAMICLIGHTMAP_OFF HDR_LIGHT_PREPASS_OFF ok=1
Cmd: compileSnippet
  api=4 type=0 insize=6080 outsize=3435 kw=LIGHTMAP_OFF DIRLIGHTMAP_OFF DYNAMICLIGHTMAP_OFF HDR_LIGHT_PREPASS_OFF ok=1
Cmd: compileSnippet
  api=4 type=1 insize=6080 outsize=2111 kw=LIGHTMAP_OFF DIRLIGHTMAP_OFF DYNAMICLIGHTMAP_OFF HDR_LIGHT_PREPASS_OFF ok=1
Cmd: compileSnippet
  api=4 type=0 insize=2816 outsize=3979 kw=SHADOWS_DEPTH ok=1
Cmd: compileSnippet
  api=4 type=1 insize=2816 outsize=526 kw=SHADOWS_DEPTH ok=1
Cmd: compileSnippet
  api=4 type=0 insize=3278 outsize=3362 kw= ok=1
Cmd: compileSnippet
  api=4 type=1 insize=3278 outsize=2346 kw= ok=1
Cmd: compileSnippet
  api=4 type=0 insize=449 outsize=3703 kw= ok=1
Cmd: compileSnippet
  api=4 type=1 insize=449 outsize=1558 kw= ok=1
Cmd: compileSnippet
  api=4 type=0 insize=441 outsize=3703 kw= ok=1
Cmd: compileSnippet
  api=4 type=1 insize=441 outsize=1558 kw= ok=1
Cmd: compileSnippet
  api=4 type=0 insize=441 outsize=3703 kw= ok=1
Cmd: compileSnippet
  api=4 type=1 insize=441 outsize=1558 kw= ok=1
Cmd: preprocess
  insize=1989 outsize=503 ok=1
Cmd: compileSnippet
  api=4 type=0 insize=1788 outsize=1713 kw= ok=1
Cmd: compileSnippet
  api=4 type=1 insize=1788 outsize=1306 kw= ok=1
Cmd: preprocess
  insize=480 outsize=480 ok=1
Cmd: preprocess
  insize=2017 outsize=364 ok=1
Cmd: compileSnippet
  api=4 type=0 insize=1955 outsize=2371 kw= ok=1
Cmd: compileSnippet
  api=4 type=1 insize=1955 outsize=1087 kw= ok=1
Cmd: preprocess
  insize=1235 outsize=409 ok=1
Cmd: compileSnippet
  api=4 type=0 insize=1131 outsize=1006 kw= ok=1
Cmd: compileSnippet
  api=4 type=1 insize=1131 outsize=1973 kw= ok=1
Cmd: preprocess
  insize=6551 outsize=798 ok=1
Cmd: compileSnippet
  error: 1 plat 4 at (42): 'INPUT_SAMPLE_COUNT' : macro redefinition\nCompiling Vertex program
  error: 1 plat 4 at (45): 'INPUT_SAMPLE_COUNT' : macro redefinition\nCompiling Vertex program
  error: 1 plat 4 at (48): 'INPUT_SAMPLE_COUNT' : macro redefinition\nCompiling Vertex program
  api=4 type=0 insize=1797 outsize=1225 kw= ok=1
Cmd: compileSnippet
  error: 1 plat 4 at (42): 'INPUT_SAMPLE_COUNT' : macro redefinition\nCompiling Fragment program
  error: 1 plat 4 at (45): 'INPUT_SAMPLE_COUNT' : macro redefinition\nCompiling Fragment program
  error: 1 plat 4 at (48): 'INPUT_SAMPLE_COUNT' : macro redefinition\nCompiling Fragment program
  api=4 type=1 insize=1797 outsize=12251 kw= ok=1
Cmd: compileSnippet
  error: 1 plat 4 at (42): 'INPUT_SAMPLE_COUNT' : macro redefinition\nCompiling Vertex program
  error: 1 plat 4 at (45): 'INPUT_SAMPLE_COUNT' : macro redefinition\nCompiling Vertex program
  error: 1 plat 4 at (48): 'INPUT_SAMPLE_COUNT' : macro redefinition\nCompiling Vertex program
  api=4 type=0 insize=2061 outsize=1225 kw= ok=1
Cmd: compileSnippet
  error: 1 plat 4 at (42): 'INPUT_SAMPLE_COUNT' : macro redefinition\nCompiling Fragment program
  error: 1 plat 4 at (45): 'INPUT_SAMPLE_COUNT' : macro redefinition\nCompiling Fragment program
  error: 1 plat 4 at (48): 'INPUT_SAMPLE_COUNT' : macro redefinition\nCompiling Fragment program
  api=4 type=1 insize=2061 outsize=20148 kw= ok=1
Cmd: compileSnippet
  error: 1 plat 4 at (42): 'INPUT_SAMPLE_COUNT' : macro redefinition\nCompiling Vertex program
  error: 1 plat 4 at (45): 'INPUT_SAMPLE_COUNT' : macro redefinition\nCompiling Vertex program
  error: 1 plat 4 at (48): 'INPUT_SAMPLE_COUNT' : macro redefinition\nCompiling Vertex program
  api=4 type=0 insize=2567 outsize=1225 kw= ok=1
Cmd: compileSnippet
  error: 1 plat 4 at (42): 'INPUT_SAMPLE_COUNT' : macro redefinition\nCompiling Fragment program
  error: 1 plat 4 at (45): 'INPUT_SAMPLE_COUNT' : macro redefinition\nCompiling Fragment program
  error: 1 plat 4 at (48): 'INPUT_SAMPLE_COUNT' : macro redefinition\nCompiling Fragment program
  api=4 type=1 insize=2567 outsize=35943 kw= ok=1
Cmd: compileSnippet
  error: 1 plat 4 at (42): 'INPUT_SAMPLE_COUNT' : macro redefinition\nCompiling Vertex program
  error: 1 plat 4 at (45): 'INPUT_SAMPLE_COUNT' : macro redefinition\nCompiling Vertex program
  error: 1 plat 4 at (48): 'INPUT_SAMPLE_COUNT' : macro redefinition\nCompiling Vertex program
  error: 1 plat 4 at (228): 's': loop control variable conflicts with a previous declaration in the outer scope; most recent declaration will be used\nCompiling Vertex program
  api=4 type=0 insize=2840 outsize=1087 kw= ok=1
Cmd: compileSnippet
  error: 1 plat 4 at (42): 'INPUT_SAMPLE_COUNT' : macro redefinition\nCompiling Fragment program
  error: 1 plat 4 at (45): 'INPUT_SAMPLE_COUNT' : macro redefinition\nCompiling Fragment program
  error: 1 plat 4 at (48): 'INPUT_SAMPLE_COUNT' : macro redefinition\nCompiling Fragment program
  error: 1 plat 4 at (228): 's': loop control variable conflicts with a previous declaration in the outer scope; most recent declaration will be used\nCompiling Fragment program
  api=4 type=1 insize=2840 outsize=4028 kw= ok=1
Cmd: compileSnippet
  error: 1 plat 4 at (42): 'INPUT_SAMPLE_COUNT' : macro redefinition\nCompiling Vertex program
  error: 1 plat 4 at (45): 'INPUT_SAMPLE_COUNT' : macro redefinition\nCompiling Vertex program
  error: 1 plat 4 at (48): 'INPUT_SAMPLE_COUNT' : macro redefinition\nCompiling Vertex program
  api=4 type=0 insize=1780 outsize=1119 kw= ok=1
Cmd: compileSnippet
  error: 1 plat 4 at (42): 'INPUT_SAMPLE_COUNT' : macro redefinition\nCompiling Fragment program
  error: 1 plat 4 at (45): 'INPUT_SAMPLE_COUNT' : macro redefinition\nCompiling Fragment program
  error: 1 plat 4 at (48): 'INPUT_SAMPLE_COUNT' : macro redefinition\nCompiling Fragment program
  api=4 type=1 insize=1780 outsize=1111 kw= ok=1
Cmd: preprocess
  insize=1173 outsize=314 ok=1
Cmd: compileSnippet
  api=4 type=0 insize=1164 outsize=1753 kw= ok=1
Cmd: compileSnippet
  api=4 type=1 insize=1164 outsize=1412 kw= ok=1
Cmd: preprocess
  insize=12994 outsize=2701 ok=1
Cmd: compileSnippet
  api=4 type=0 insize=10201 outsize=5393 kw=WATER_REFLECTIVE WATER_VERTEX_DISPLACEMENT_ON WATER_EDGEBLEND_ON ok=1
Cmd: compileSnippet
  api=4 type=1 insize=10201 outsize=5913 kw=WATER_REFLECTIVE WATER_VERTEX_DISPLACEMENT_ON WATER_EDGEBLEND_ON ok=1
Cmd: compileSnippet
  api=4 type=0 insize=10204 outsize=5003 kw=WATER_REFLECTIVE WATER_VERTEX_DISPLACEMENT_ON WATER_EDGEBLEND_ON ok=1
Cmd: compileSnippet
  api=4 type=1 insize=10204 outsize=4499 kw=WATER_REFLECTIVE WATER_VERTEX_DISPLACEMENT_ON WATER_EDGEBLEND_ON ok=1
Cmd: compileSnippet
  api=4 type=0 insize=9946 outsize=1989 kw= ok=1
Cmd: compileSnippet
  api=4 type=1 insize=9946 outsize=3086 kw= ok=1
Cmd: preprocess
  insize=2636 outsize=773 ok=1
Cmd: compileSnippet
  api=4 type=0 insize=1965 outsize=1355 kw= ok=1
Cmd: compileSnippet
  api=4 type=1 insize=1965 outsize=1217 kw= ok=1
Cmd: compileSnippet
  api=4 type=0 insize=1962 outsize=1355 kw= ok=1
Cmd: compileSnippet
  api=4 type=1 insize=1962 outsize=949 kw= ok=1
Cmd: compileSnippet
  api=4 type=0 insize=1975 outsize=1656 kw= ok=1
Cmd: compileSnippet
  api=4 type=1 insize=1975 outsize=1323 kw= ok=1
Cmd: compileSnippet
  api=4 type=0 insize=1974 outsize=1355 kw= ok=1
Cmd: compileSnippet
  api=4 type=1 insize=1974 outsize=868 kw= ok=1
Cmd: preprocess
  insize=5469 outsize=1435 ok=1
Cmd: compileSnippet
  api=4 type=0 insize=4055 outsize=1314 kw= ok=1
Cmd: compileSnippet
  api=4 type=1 insize=4055 outsize=1217 kw= ok=1
Cmd: compileSnippet
  api=4 type=0 insize=4000 outsize=1249 kw= ok=1
Cmd: compileSnippet
  api=4 type=1 insize=4000 outsize=1201 kw= ok=1
Cmd: compileSnippet
  api=4 type=0 insize=4054 outsize=1314 kw= ok=1
Cmd: compileSnippet
  api=4 type=1 insize=4054 outsize=1688 kw= ok=1
Cmd: compileSnippet
  api=4 type=0 insize=4056 outsize=1314 kw= ok=1
Cmd: compileSnippet
  api=4 type=1 insize=4056 outsize=1241 kw= ok=1
Cmd: compileSnippet
  api=4 type=0 insize=4052 outsize=1314 kw= ok=1
Cmd: compileSnippet
  api=4 type=1 insize=4052 outsize=989 kw= ok=1
Cmd: preprocess
  insize=2010 outsize=431 ok=1
Cmd: compileSnippet
  api=4 type=0 insize=1881 outsize=2021 kw= ok=1
Cmd: compileSnippet
  api=4 type=1 insize=1881 outsize=1193 kw= ok=1
Cmd: preprocess
  insize=968 outsize=305 ok=1
Cmd: compileSnippet
  api=4 type=0 insize=968 outsize=1006 kw= ok=1
Cmd: compileSnippet
  api=4 type=1 insize=968 outsize=1006 kw= ok=1
Cmd: preprocess
  insize=971 outsize=1274 ok=1
Cmd: compileSnippet
  api=4 type=0 insize=6943 outsize=3443 kw=DIRECTIONAL LIGHTMAP_OFF DIRLIGHTMAP_OFF DYNAMICLIGHTMAP_OFF ok=1
Cmd: compileSnippet
  api=4 type=1 insize=6943 outsize=1526 kw=DIRECTIONAL LIGHTMAP_OFF DIRLIGHTMAP_OFF DYNAMICLIGHTMAP_OFF ok=1
Cmd: compileSnippet
  api=4 type=0 insize=3798 outsize=2533 kw=POINT ok=1
Cmd: compileSnippet
  api=4 type=1 insize=3798 outsize=1266 kw=POINT ok=1
Cmd: compileSnippet
  api=4 type=0 insize=3362 outsize=3216 kw= ok=1
Cmd: compileSnippet
  api=4 type=1 insize=3362 outsize=2663 kw= ok=1
Cmd: preprocess
  insize=1377 outsize=384 ok=1
Cmd: compileSnippet
  api=4 type=0 insize=1295 outsize=1469 kw= ok=1
Cmd: compileSnippet
  api=4 type=1 insize=1295 outsize=1453 kw= ok=1
Cmd: preprocess
  insize=1420 outsize=347 ok=1
Cmd: compileSnippet
  api=4 type=0 insize=1379 outsize=1802 kw= ok=1
Cmd: compileSnippet
  api=4 type=1 insize=1379 outsize=1347 kw= ok=1
Cmd: preprocess
  insize=1709 outsize=728 ok=1
Cmd: compileSnippet
  api=4 type=0 insize=1287 outsize=1843 kw= ok=1
Cmd: compileSnippet
  api=4 type=1 insize=1287 outsize=1371 kw= ok=1
Cmd: preprocess
  insize=3335 outsize=686 ok=1
Cmd: compileSnippet
  api=4 type=0 insize=2953 outsize=2769 kw= ok=1
Cmd: compileSnippet
  api=4 type=1 insize=2953 outsize=1566 kw= ok=1
Cmd: preprocess
  insize=1403 outsize=346 ok=1
Cmd: compileSnippet
  api=4 type=0 insize=1359 outsize=1363 kw= ok=1
Cmd: compileSnippet
  api=4 type=1 insize=1359 outsize=1518 kw= ok=1
Cmd: preprocess
  insize=2810 outsize=895 ok=1
Cmd: compileSnippet
  api=4 type=0 insize=2219 outsize=2094 kw= ok=1
Cmd: compileSnippet
  api=4 type=1 insize=2219 outsize=1607 kw= ok=1
Cmd: preprocess
  insize=1268 outsize=329 ok=1
Cmd: compileSnippet
  api=4 type=0 insize=1244 outsize=1314 kw= ok=1
Cmd: compileSnippet
  api=4 type=1 insize=1244 outsize=1444 kw= ok=1
Cmd: preprocess
  insize=2306 outsize=643 ok=1
Cmd: compileSnippet
  api=4 type=0 insize=1968 outsize=1444 kw= ok=1
Cmd: compileSnippet
  api=4 type=1 insize=1968 outsize=3224 kw= ok=1
Cmd: preprocess
  insize=965 outsize=271 ok=1
Cmd: compileSnippet
  api=4 type=0 insize=994 outsize=1071 kw= ok=1
Cmd: compileSnippet
  api=4 type=1 insize=994 outsize=1233 kw= ok=1
Cmd: preprocess
  insize=2443 outsize=893 ok=1
Cmd: compileSnippet
  api=4 type=0 insize=1852 outsize=1713 kw= ok=1
Cmd: compileSnippet
  api=4 type=1 insize=1852 outsize=1266 kw= ok=1
Cmd: preprocess
  insize=790 outsize=320 ok=1
Cmd: compileSnippet
  api=4 type=0 insize=772 outsize=1006 kw= ok=1
Cmd: compileSnippet
  api=4 type=1 insize=772 outsize=1119 kw= ok=1
Cmd: preprocess
  insize=6455 outsize=995 ok=1
Cmd: compileSnippet
  api=4 type=0 insize=5436 outsize=1314 kw= ok=1
Cmd: compileSnippet
  api=4 type=1 insize=5436 outsize=892 kw= ok=1
Cmd: compileSnippet
  api=4 type=0 insize=5443 outsize=1599 kw= ok=1
Cmd: compileSnippet
  api=4 type=1 insize=5443 outsize=1534 kw= ok=1
Cmd: compileSnippet
  api=4 type=0 insize=5447 outsize=1412 kw= ok=1
Cmd: compileSnippet
  api=4 type=1 insize=5447 outsize=1534 kw= ok=1
Cmd: compileSnippet
  api=4 type=0 insize=5448 outsize=1412 kw= ok=1
Cmd: compileSnippet
  api=4 type=1 insize=5448 outsize=1534 kw= ok=1
Cmd: compileSnippet
  api=4 type=0 insize=5452 outsize=1769 kw= ok=1
Cmd: compileSnippet
  api=4 type=1 insize=5452 outsize=1802 kw= ok=1
Cmd: compileSnippet
  api=4 type=0 insize=5453 outsize=1769 kw= ok=1
Cmd: compileSnippet
  api=4 type=1 insize=5453 outsize=1802 kw= ok=1
Cmd: preprocess
  insize=32636 outsize=273 ok=1
Cmd: compileSnippet
  api=4 type=0 insize=32665 outsize=1006 kw= ok=1
Cmd: compileSnippet
  api=4 type=1 insize=32665 outsize=10764 kw= ok=1
Cmd: preprocess
  insize=1216 outsize=260 ok=1
Cmd: compileSnippet
  api=4 type=0 insize=1258 outsize=1274 kw= ok=1
Cmd: compileSnippet
  api=4 type=1 insize=1258 outsize=1453 kw= ok=1
Cmd: preprocess
  insize=3601 outsize=704 ok=1
Cmd: compileSnippet
  api=4 type=0 insize=2929 outsize=1859 kw= ok=1
Cmd: compileSnippet
  api=4 type=1 insize=2929 outsize=2314 kw= ok=1
Cmd: compileSnippet
  api=4 type=0 insize=2920 outsize=1859 kw= ok=1
Cmd: compileSnippet
  api=4 type=1 insize=2920 outsize=1721 kw= ok=1
Cmd: compileSnippet
  api=4 type=0 insize=2919 outsize=1859 kw= ok=1
Cmd: compileSnippet
  api=4 type=1 insize=2919 outsize=1769 kw= ok=1
Cmd: compileSnippet
  api=4 type=0 insize=2931 outsize=1859 kw= ok=1
Cmd: compileSnippet
  api=4 type=1 insize=2931 outsize=2249 kw= ok=1
Cmd: preprocess
  insize=1000 outsize=249 ok=1
Cmd: compileSnippet
  api=4 type=0 insize=1053 outsize=1550 kw= ok=1
Cmd: compileSnippet
  api=4 type=1 insize=1053 outsize=1160 kw= ok=1
Cmd: preprocess
  insize=1452 outsize=830 ok=1
Cmd: compileSnippet
  api=4 type=0 insize=924 outsize=1209 kw= ok=1
Cmd: compileSnippet
  api=4 type=1 insize=924 outsize=811 kw= ok=1
Cmd: preprocess
  insize=5357 outsize=1799 ok=1
Cmd: compileSnippet
  api=4 type=0 insize=3204 outsize=1355 kw= ok=1
Cmd: compileSnippet
  api=4 type=1 insize=3204 outsize=1176 kw= ok=1
Cmd: compileSnippet
  api=4 type=0 insize=3201 outsize=1355 kw= ok=1
Cmd: compileSnippet
  api=4 type=1 insize=3201 outsize=949 kw= ok=1
Cmd: compileSnippet
  api=4 type=0 insize=3217 outsize=1769 kw= ok=1
Cmd: compileSnippet
  api=4 type=1 insize=3217 outsize=1444 kw= ok=1
Cmd: compileSnippet
  api=4 type=0 insize=3209 outsize=1355 kw= ok=1
Cmd: compileSnippet
  api=4 type=1 insize=3209 outsize=868 kw= ok=1
Cmd: compileSnippet
  api=4 type=0 insize=3209 outsize=1355 kw= ok=1
Cmd: compileSnippet
  api=4 type=1 insize=3209 outsize=1176 kw= ok=1
Cmd: compileSnippet
  api=4 type=0 insize=3206 outsize=1355 kw= ok=1
Cmd: compileSnippet
  api=4 type=1 insize=3206 outsize=949 kw= ok=1
Cmd: compileSnippet
  api=4 type=0 insize=3218 outsize=1769 kw= ok=1
Cmd: compileSnippet
  api=4 type=1 insize=3218 outsize=1371 kw= ok=1
Cmd: compileSnippet
  api=4 type=0 insize=3211 outsize=1355 kw= ok=1
Cmd: compileSnippet
  api=4 type=1 insize=3211 outsize=786 kw= ok=1
Cmd: compileSnippet
  api=4 type=0 insize=3203 outsize=1355 kw= ok=1
Cmd: compileSnippet
  api=4 type=1 insize=3203 outsize=575 kw= ok=1
Cmd: compileSnippet
  api=4 type=0 insize=3207 outsize=1355 kw= ok=1
Cmd: compileSnippet
  api=4 type=1 insize=3207 outsize=778 kw= ok=1
Cmd: compileSnippet
  api=4 type=0 insize=3202 outsize=1355 kw= ok=1
Cmd: compileSnippet
  api=4 type=1 insize=3202 outsize=664 kw= ok=1
Cmd: preprocess
  insize=2734 outsize=899 ok=1
Cmd: compileSnippet
  api=4 type=0 insize=2137 outsize=2094 kw= ok=1
Cmd: compileSnippet
  api=4 type=1 insize=2137 outsize=1648 kw= ok=1
Cmd: preprocess
  insize=13833 outsize=2059 ok=1
Cmd: compileSnippet
  api=4 type=0 insize=11195 outsize=1006 kw= ok=1
Cmd: compileSnippet
  api=4 type=1 insize=11195 outsize=2176 kw= ok=1
Cmd: compileSnippet
  api=4 type=0 insize=11186 outsize=1006 kw= ok=1
Cmd: compileSnippet
  api=4 type=1 insize=11186 outsize=859 kw= ok=1
Cmd: compileSnippet
  api=4 type=0 insize=11194 outsize=1006 kw= ok=1
Cmd: compileSnippet
  api=4 type=1 insize=11194 outsize=1932 kw= ok=1
Cmd: compileSnippet
  api=4 type=0 insize=11199 outsize=1006 kw= ok=1
Cmd: compileSnippet
  api=4 type=1 insize=11199 outsize=3719 kw= ok=1
Cmd: compileSnippet
  api=4 type=0 insize=11209 outsize=1006 kw= ok=1
Cmd: compileSnippet
  api=4 type=1 insize=11209 outsize=5897 kw= ok=1
Cmd: compileSnippet
  api=4 type=0 insize=11196 outsize=1006 kw= ok=1
Cmd: compileSnippet
  api=4 type=1 insize=11196 outsize=1631 kw= ok=1
Cmd: compileSnippet
  api=4 type=0 insize=11195 outsize=1006 kw= ok=1
Cmd: compileSnippet
  api=4 type=1 insize=11195 outsize=3029 kw= ok=1
Cmd: compileSnippet
  api=4 type=0 insize=11201 outsize=1006 kw= ok=1
Cmd: compileSnippet
  api=4 type=1 insize=11201 outsize=9293 kw= ok=1
Cmd: preprocess
  insize=1038 outsize=358 ok=1
Cmd: compileSnippet
  api=4 type=0 insize=985 outsize=1006 kw= ok=1
Cmd: compileSnippet
  api=4 type=1 insize=985 outsize=1054 kw= ok=1
Cmd: preprocess
  insize=3087 outsize=619 ok=1
Cmd: compileSnippet
  api=4 type=0 insize=2772 outsize=2923 kw= ok=1
Cmd: compileSnippet
  api=4 type=1 insize=2772 outsize=1209 kw= ok=1
Cmd: preprocess
  insize=12161 outsize=2583 ok=1
Cmd: compileSnippet
  api=4 type=0 insize=9487 outsize=5044 kw=WATER_REFLECTIVE WATER_VERTEX_DISPLACEMENT_ON WATER_EDGEBLEND_ON ok=1
Cmd: compileSnippet
  api=4 type=1 insize=9487 outsize=5019 kw=WATER_REFLECTIVE WATER_VERTEX_DISPLACEMENT_ON WATER_EDGEBLEND_ON ok=1
Cmd: compileSnippet
  api=4 type=0 insize=9490 outsize=4751 kw=WATER_REFLECTIVE WATER_VERTEX_DISPLACEMENT_ON WATER_EDGEBLEND_ON ok=1
Cmd: compileSnippet
  api=4 type=1 insize=9490 outsize=4231 kw=WATER_REFLECTIVE WATER_VERTEX_DISPLACEMENT_ON WATER_EDGEBLEND_ON ok=1
Cmd: compileSnippet
  api=4 type=0 insize=9232 outsize=1948 kw= ok=1
Cmd: compileSnippet
  api=4 type=1 insize=9232 outsize=3086 kw= ok=1
Cmd: preprocess
  insize=924 outsize=383 ok=1
Cmd: compileSnippet
  api=4 type=0 insize=843 outsize=843 kw= ok=1
Cmd: compileSnippet
  api=4 type=1 insize=843 outsize=453 kw= ok=1
Cmd: preprocess
  insize=6289 outsize=752 ok=1
Cmd: compileSnippet
  api=4 type=0 insize=5327 outsize=1875 kw= ok=1
Cmd: compileSnippet
  api=4 type=1 insize=5327 outsize=4394 kw= ok=1
Cmd: compileSnippet
  api=4 type=0 insize=5335 outsize=1875 kw= ok=1
Cmd: compileSnippet
  api=4 type=1 insize=5335 outsize=3508 kw= ok=1
Cmd: compileSnippet
  api=4 type=0 insize=5329 outsize=1875 kw= ok=1
Cmd: compileSnippet
  api=4 type=1 insize=5329 outsize=3524 kw= ok=1
Cmd: compileSnippet
  api=4 type=0 insize=5340 outsize=1875 kw= ok=1
Cmd: compileSnippet
  api=4 type=1 insize=5340 outsize=2704 kw= ok=1
Cmd: compileSnippet
  api=4 type=0 insize=5335 outsize=1875 kw= ok=1
Cmd: compileSnippet
  api=4 type=1 insize=5335 outsize=1924 kw= ok=1
Cmd: preprocess
  insize=2955 outsize=781 ok=1
Cmd: compileSnippet
  api=4 type=0 insize=2222 outsize=1444 kw= ok=1
Cmd: compileSnippet
  api=4 type=1 insize=2222 outsize=949 kw= ok=1
Cmd: compileSnippet
  api=4 type=0 insize=2224 outsize=1444 kw= ok=1
Cmd: compileSnippet
  api=4 type=1 insize=2224 outsize=1176 kw= ok=1
Cmd: compileSnippet
  api=4 type=0 insize=2226 outsize=1444 kw= ok=1
Cmd: compileSnippet
  api=4 type=1 insize=2226 outsize=989 kw= ok=1
Cmd: compileSnippet
  api=4 type=0 insize=2225 outsize=1444 kw= ok=1
Cmd: compileSnippet
  api=4 type=1 insize=2225 outsize=1989 kw= ok=1
Cmd: compileSnippet
  api=4 type=0 insize=2228 outsize=1444 kw= ok=1
Cmd: compileSnippet
  api=4 type=1 insize=2228 outsize=973 kw= ok=1
Cmd: preprocess
  insize=1920 outsize=893 ok=1
Cmd: compileSnippet
  api=4 type=0 insize=1329 outsize=1404 kw= ok=1
Cmd: compileSnippet
  api=4 type=1 insize=1329 outsize=1144 kw= ok=1
Cmd: preprocess
  insize=11446 outsize=2624 ok=1
Cmd: compileSnippet
  api=4 type=0 insize=8607 outsize=1314 kw= ok=1
Cmd: compileSnippet
  api=4 type=1 insize=8607 outsize=4475 kw= ok=1
Cmd: compileSnippet
  api=4 type=0 insize=8611 outsize=1314 kw= ok=1
Cmd: compileSnippet
  api=4 type=1 insize=8611 outsize=2558 kw= ok=1
Cmd: compileSnippet
  api=4 type=0 insize=8610 outsize=1314 kw= ok=1
Cmd: compileSnippet
  api=4 type=1 insize=8610 outsize=892 kw= ok=1
Cmd: compileSnippet
  api=4 type=0 insize=8614 outsize=1314 kw= ok=1
Cmd: compileSnippet
  api=4 type=1 insize=8614 outsize=1745 kw= ok=1
Cmd: compileSnippet
  api=4 type=0 insize=8613 outsize=1314 kw= ok=1
Cmd: compileSnippet
  api=4 type=1 insize=8613 outsize=1347 kw= ok=1
Cmd: preprocess
  insize=977 outsize=438 ok=1
Cmd: compileSnippet
  api=4 type=0 insize=841 outsize=1006 kw= ok=1
Cmd: compileSnippet
  api=4 type=1 insize=841 outsize=794 kw= ok=1
Cmd: preprocess
  insize=13814 outsize=2625 ok=1
Cmd: compileSnippet
  api=4 type=0 insize=10228 outsize=1006 kw= ok=1
Cmd: compileSnippet
  api=4 type=1 insize=10228 outsize=1193 kw= ok=1
Cmd: compileSnippet
  api=4 type=0 insize=10227 outsize=1006 kw= ok=1
Cmd: compileSnippet
  api=4 type=1 insize=10227 outsize=1631 kw= ok=1
Cmd: compileSnippet
  api=4 type=0 insize=10227 outsize=1006 kw= ok=1
Cmd: compileSnippet
  api=4 type=1 insize=10227 outsize=1704 kw= ok=1
Cmd: compileSnippet
  api=4 type=0 insize=10209 outsize=1006 kw= ok=1
Cmd: compileSnippet
  api=4 type=1 insize=10209 outsize=1225 kw= ok=1
Cmd: compileSnippet
  api=4 type=0 insize=10228 outsize=1006 kw= ok=1
Cmd: compileSnippet
  api=4 type=1 insize=10228 outsize=1355 kw= ok=1
Cmd: compileSnippet
  api=4 type=0 insize=10209 outsize=1006 kw= ok=1
Cmd: compileSnippet
  api=4 type=1 insize=10209 outsize=1623 kw= ok=1
Cmd: compileSnippet
  api=4 type=0 insize=10254 outsize=1363 kw= ok=1
Cmd: compileSnippet
  api=4 type=1 insize=10254 outsize=1867 kw= ok=1
Cmd: compileSnippet
  api=4 type=0 insize=10208 outsize=1006 kw= ok=1
Cmd: compileSnippet
  api=4 type=1 insize=10208 outsize=526 kw= ok=1
Cmd: compileSnippet
  api=4 type=0 insize=10212 outsize=1006 kw= ok=1
Cmd: compileSnippet
  api=4 type=1 insize=10212 outsize=616 kw= ok=1
Cmd: compileSnippet
  api=4 type=0 insize=10234 outsize=2176 kw= ok=1
Cmd: compileSnippet
  api=4 type=1 insize=10234 outsize=3281 kw= ok=1
Cmd: compileSnippet
  api=4 type=0 insize=10228 outsize=2176 kw= ok=1
Cmd: compileSnippet
  api=4 type=1 insize=10228 outsize=3443 kw= ok=1
Cmd: compileSnippet
  api=4 type=0 insize=10234 outsize=2176 kw= ok=1
Cmd: compileSnippet
  api=4 type=1 insize=10234 outsize=3281 kw= ok=1
Cmd: preprocess
  insize=1950 outsize=490 ok=1
Cmd: compileSnippet
  api=4 type=0 insize=1736 outsize=1006 kw= ok=1
Cmd: compileSnippet
  api=4 type=1 insize=1736 outsize=1615 kw= ok=1
Cmd: compileSnippet
  api=4 type=0 insize=1749 outsize=1006 kw= ok=1
Cmd: compileSnippet
  api=4 type=1 insize=1749 outsize=1916 kw= ok=1
Cmd: preprocess
  insize=1453 outsize=503 ok=1
Cmd: compileSnippet
  api=4 type=0 insize=1252 outsize=1404 kw= ok=1
Cmd: compileSnippet
  api=4 type=1 insize=1252 outsize=1184 kw= ok=1
Cmd: preprocess
  insize=4362 outsize=813 ok=1
Cmd: compileSnippet
  api=4 type=0 insize=3853 outsize=3719 kw= ok=1
Cmd: compileSnippet
  api=4 type=1 insize=3853 outsize=2809 kw= ok=1
Cmd: preprocess
  insize=3042 outsize=2110 ok=1
Cmd: compileSnippet
  api=4 type=0 insize=7955 outsize=4784 kw=DIRECTIONAL SHADOWS_OFF LIGHTMAP_OFF DIRLIGHTMAP_OFF DYNAMICLIGHTMAP_OFF ok=1
Cmd: compileSnippet
  api=4 type=1 insize=7955 outsize=3264 kw=DIRECTIONAL SHADOWS_OFF LIGHTMAP_OFF DIRLIGHTMAP_OFF DYNAMICLIGHTMAP_OFF ok=1
Cmd: compileSnippet
  api=4 type=0 insize=5258 outsize=3866 kw=POINT ok=1
Cmd: compileSnippet
  api=4 type=1 insize=5258 outsize=3817 kw=POINT ok=1
Cmd: compileSnippet
  api=4 type=0 insize=4559 outsize=4166 kw= ok=1
Cmd: compileSnippet
  api=4 type=1 insize=4559 outsize=1412 kw= ok=1
Cmd: compileSnippet
  api=4 type=0 insize=7669 outsize=3663 kw=DIRECTIONAL SHADOWS_OFF LIGHTMAP_OFF DIRLIGHTMAP_OFF DYNAMICLIGHTMAP_OFF ok=1
Cmd: compileSnippet
  api=4 type=1 insize=7669 outsize=2403 kw=DIRECTIONAL SHADOWS_OFF LIGHTMAP_OFF DIRLIGHTMAP_OFF DYNAMICLIGHTMAP_OFF ok=1
Cmd: compileSnippet
  api=4 type=0 insize=4363 outsize=2753 kw=POINT ok=1
Cmd: compileSnippet
  api=4 type=1 insize=4363 outsize=3004 kw=POINT ok=1
Cmd: compileSnippet
  api=4 type=0 insize=3703 outsize=2103 kw= ok=1
Cmd: compileSnippet
  api=4 type=1 insize=3703 outsize=1266 kw= ok=1
Cmd: preprocess
  insize=1692 outsize=302 ok=1
Cmd: compileSnippet
  api=4 type=0 insize=1695 outsize=1753 kw= ok=1
Cmd: compileSnippet
  api=4 type=1 insize=1695 outsize=2371 kw= ok=1
Cmd: preprocess
  insize=27271 outsize=4693 ok=1
Cmd: compileSnippet
  api=4 type=0 insize=19248 outsize=1314 kw= ok=1
Cmd: compileSnippet
  api=4 type=1 insize=19248 outsize=1436 kw= ok=1
Cmd: compileSnippet
  api=4 type=0 insize=19254 outsize=2111 kw= ok=1
Cmd: compileSnippet
  api=4 type=1 insize=19254 outsize=3931 kw= ok=1
Cmd: compileSnippet
  api=4 type=0 insize=19257 outsize=2111 kw= ok=1
Cmd: compileSnippet
  api=4 type=1 insize=19257 outsize=7587 kw= ok=1
Cmd: compileSnippet
  api=4 type=0 insize=19236 outsize=1314 kw= ok=1
Cmd: compileSnippet
  api=4 type=1 insize=19236 outsize=664 kw= ok=1
Cmd: compileSnippet
  api=4 type=0 insize=19252 outsize=1314 kw= ok=1
Cmd: compileSnippet
  api=4 type=1 insize=19252 outsize=1428 kw= ok=1
Cmd: compileSnippet
  api=4 type=0 insize=19239 outsize=1314 kw= ok=1
Cmd: compileSnippet
  api=4 type=1 insize=19239 outsize=2574 kw= ok=1
Cmd: compileSnippet
  api=4 type=0 insize=19250 outsize=1314 kw= ok=1
Cmd: compileSnippet
  api=4 type=1 insize=19250 outsize=2111 kw= ok=1
Cmd: compileSnippet
  api=4 type=0 insize=19246 outsize=1314 kw= ok=1
Cmd: compileSnippet
  api=4 type=1 insize=19246 outsize=843 kw= ok=1
Cmd: compileSnippet
  api=4 type=0 insize=19256 outsize=1314 kw= ok=1
Cmd: compileSnippet
  api=4 type=1 insize=19256 outsize=1501 kw= ok=1
Cmd: compileSnippet
  api=4 type=0 insize=19249 outsize=1314 kw= ok=1
Cmd: compileSnippet
  api=4 type=1 insize=19249 outsize=1233 kw= ok=1
Cmd: compileSnippet
  api=4 type=0 insize=19256 outsize=1314 kw= ok=1
Cmd: compileSnippet
  api=4 type=1 insize=19256 outsize=1818 kw= ok=1
Cmd: compileSnippet
  api=4 type=0 insize=19244 outsize=1314 kw= ok=1
Cmd: compileSnippet
  error: 1 plat 4 at (92): gradient-based operations must be moved out of flow control to prevent divergence. Performance may improve by using a non-gradient operation\nCompiling Fragment program
  error: 1 plat 4 at (168): gradient-based operations must be moved out of flow control to prevent divergence. Performance may improve by using a non-gradient operation\nCompiling Fragment program
  api=4 type=1 insize=19244 outsize=3102 kw= ok=1
Cmd: compileSnippet
  api=4 type=0 insize=19253 outsize=1314 kw= ok=1
Cmd: compileSnippet
  api=4 type=1 insize=19253 outsize=3500 kw= ok=1
Cmd: compileSnippet
  api=4 type=0 insize=19240 outsize=1314 kw= ok=1
Cmd: compileSnippet
  api=4 type=1 insize=19240 outsize=1558 kw= ok=1
Cmd: compileSnippet
  api=4 type=0 insize=19255 outsize=1314 kw= ok=1
Cmd: compileSnippet
  api=4 type=1 insize=19255 outsize=1046 kw= ok=1
Cmd: compileSnippet
  api=4 type=0 insize=19245 outsize=1314 kw= ok=1
Cmd: compileSnippet
  api=4 type=1 insize=19245 outsize=1404 kw= ok=1
Cmd: compileSnippet
  api=4 type=0 insize=19238 outsize=1314 kw= ok=1
Cmd: compileSnippet
  api=4 type=1 insize=19238 outsize=859 kw= ok=1
Cmd: compileSnippet
  api=4 type=0 insize=19245 outsize=1314 kw= ok=1
Cmd: compileSnippet
  error: 1 plat 4 at (97): gradient-based operations must be moved out of flow control to prevent divergence. Performance may improve by using a non-gradient operation\nCompiling Fragment program
  error: 1 plat 4 at (200): gradient-based operations must be moved out of flow control to prevent divergence. Performance may improve by using a non-gradient operation\nCompiling Fragment program
  api=4 type=1 insize=19245 outsize=3858 kw= ok=1
Cmd: compileSnippet
  api=4 type=0 insize=19253 outsize=1314 kw= ok=1
Cmd: compileSnippet
  api=4 type=1 insize=19253 outsize=3760 kw= ok=1
Cmd: compileSnippet
  api=4 type=0 insize=19263 outsize=2111 kw= ok=1
Cmd: compileSnippet
  api=4 type=1 insize=19263 outsize=4670 kw= ok=1
Cmd: compileSnippet
  api=4 type=0 insize=19241 outsize=1314 kw= ok=1
Cmd: compileSnippet
  api=4 type=1 insize=19241 outsize=778 kw= ok=1
Cmd: compileSnippet
  api=4 type=0 insize=19243 outsize=1314 kw= ok=1
Cmd: compileSnippet
  api=4 type=1 insize=19243 outsize=2574 kw= ok=1
Cmd: compileSnippet
  api=4 type=0 insize=19261 outsize=1314 kw= ok=1
Cmd: compileSnippet
  api=4 type=1 insize=19261 outsize=664 kw= ok=1
Cmd: preprocess
  insize=4106 outsize=553 ok=1
Cmd: compileSnippet
  api=4 type=0 insize=3754 outsize=1753 kw= ok=1
Cmd: compileSnippet
  api=4 type=1 insize=3754 outsize=3305 kw= ok=1
Cmd: compileSnippet
  api=4 type=0 insize=3766 outsize=1753 kw= ok=1
Cmd: compileSnippet
  api=4 type=1 insize=3766 outsize=1794 kw= ok=1
Cmd: compileSnippet
  api=4 type=0 insize=3757 outsize=1753 kw= ok=1
Cmd: compileSnippet
  api=4 type=1 insize=3757 outsize=2395 kw= ok=1
Cmd: preprocess
  insize=2274 outsize=1208 ok=1
Cmd: compileSnippet
  api=4 type=0 insize=1310 outsize=1924 kw= ok=1
Cmd: compileSnippet
  api=4 type=1 insize=1310 outsize=1599 kw= ok=1
Cmd: preprocess
  insize=1737 outsize=297 ok=1
Cmd: compileSnippet
  api=4 type=0 insize=1742 outsize=1729 kw= ok=1
Cmd: compileSnippet
  api=4 type=1 insize=1742 outsize=4629 kw= ok=1
Cmd: preprocess
  insize=1026 outsize=351 ok=1
Cmd: compileSnippet
  api=4 type=0 insize=977 outsize=1006 kw= ok=1
Cmd: compileSnippet
  api=4 type=1 insize=977 outsize=1298 kw= ok=1
Cmd: preprocess
  insize=1123 outsize=458 ok=1
Cmd: compileSnippet
  api=4 type=0 insize=940 outsize=1006 kw= ok=1
Cmd: compileSnippet
  api=4 type=1 insize=940 outsize=965 kw= ok=1
Cmd: compileSnippet
  api=4 type=0 insize=946 outsize=1006 kw= ok=1
Cmd: compileSnippet
  api=4 type=1 insize=946 outsize=1022 kw= ok=1
Cmd: preprocess
  insize=738 outsize=267 ok=1
Cmd: compileSnippet
  api=4 type=0 insize=771 outsize=1006 kw= ok=1
Cmd: compileSnippet
  api=4 type=1 insize=771 outsize=835 kw= ok=1
Cmd: preprocess
  insize=5837 outsize=873 ok=1
Cmd: compileSnippet
  api=4 type=0 insize=4927 outsize=1574 kw= ok=1
Cmd: compileSnippet
  api=4 type=1 insize=4927 outsize=2151 kw= ok=1
Cmd: compileSnippet
  api=4 type=0 insize=4929 outsize=1574 kw= ok=1
Cmd: compileSnippet
  api=4 type=1 insize=4929 outsize=1656 kw= ok=1
Cmd: compileSnippet
  api=4 type=0 insize=4933 outsize=1574 kw= ok=1
Cmd: compileSnippet
  api=4 type=1 insize=4933 outsize=1818 kw= ok=1
Cmd: compileSnippet
  api=4 type=0 insize=4942 outsize=1006 kw= ok=1
Cmd: compileSnippet
  api=4 type=1 insize=4942 outsize=1054 kw= ok=1
Cmd: compileSnippet
  api=4 type=0 insize=4923 outsize=1574 kw= ok=1
Cmd: compileSnippet
  api=4 type=1 insize=4923 outsize=2151 kw= ok=1
Cmd: preprocess
  insize=2053 outsize=709 ok=1
Cmd: compileSnippet
  api=4 type=0 insize=1646 outsize=1290 kw=SOFTPARTICLES_OFF ok=1
Cmd: compileSnippet
  api=4 type=1 insize=1646 outsize=1046 kw=SOFTPARTICLES_OFF ok=1
Cmd: preprocess
  insize=782 outsize=782 ok=1
Cmd: preprocess
  insize=5633 outsize=757 ok=1
Cmd: compileSnippet
  api=4 type=0 insize=4670 outsize=1006 kw= ok=1
Cmd: compileSnippet
  api=4 type=1 insize=4670 outsize=1201 kw= ok=1
Cmd: compileSnippet
  api=4 type=0 insize=4674 outsize=2151 kw= ok=1
Cmd: compileSnippet
  api=4 type=1 insize=4674 outsize=1851 kw= ok=1
Cmd: compileSnippet
  api=4 type=0 insize=4684 outsize=2159 kw= ok=1
Cmd: compileSnippet
  api=4 type=1 insize=4684 outsize=2753 kw= ok=1
Cmd: compileSnippet
  api=4 type=0 insize=4679 outsize=2159 kw= ok=1
Cmd: compileSnippet
  api=4 type=1 insize=4679 outsize=2419 kw= ok=1
Cmd: compileSnippet
  api=4 type=0 insize=4685 outsize=1753 kw= ok=1
Cmd: compileSnippet
  api=4 type=1 insize=4685 outsize=2371 kw= ok=1
Cmd: preprocess
  insize=586 outsize=360 ok=1
Cmd: compileSnippet
  api=4 type=0 insize=528 outsize=1006 kw= ok=1
Cmd: compileSnippet
  api=4 type=1 insize=528 outsize=1274 kw= ok=1
Cmd: preprocess
  insize=7257 outsize=922 ok=1
Cmd: compileSnippet
  api=4 type=0 insize=5673 outsize=1314 kw= ok=1
Cmd: compileSnippet
  api=4 type=1 insize=5673 outsize=811 kw= ok=1
Cmd: compileSnippet
  api=4 type=0 insize=5672 outsize=1314 kw= ok=1
Cmd: compileSnippet
  api=4 type=1 insize=5672 outsize=908 kw= ok=1
Cmd: compileSnippet
  api=4 type=0 insize=5666 outsize=1314 kw= ok=1
Cmd: compileSnippet
  api=4 type=1 insize=5666 outsize=2639 kw= ok=1
Cmd: compileSnippet
  api=4 type=0 insize=5665 outsize=1314 kw= ok=1
Cmd: compileSnippet
  api=4 type=1 insize=5665 outsize=2793 kw= ok=1
Cmd: compileSnippet
  api=4 type=0 insize=5668 outsize=1314 kw= ok=1
Cmd: compileSnippet
  api=4 type=1 insize=5668 outsize=2907 kw= ok=1
Cmd: compileSnippet
  api=4 type=0 insize=5667 outsize=1314 kw= ok=1
Cmd: compileSnippet
  api=4 type=1 insize=5667 outsize=2964 kw= ok=1
Cmd: compileSnippet
  api=4 type=0 insize=5669 outsize=1314 kw= ok=1
Cmd: compileSnippet
  api=4 type=1 insize=5669 outsize=1014 kw= ok=1
Cmd: preprocess
  insize=32646 outsize=272 ok=1
Cmd: compileSnippet
  api=4 type=0 insize=32675 outsize=1006 kw= ok=1
Cmd: compileSnippet
  api=4 type=1 insize=32675 outsize=10699 kw= ok=1
Cmd: preprocess
  insize=1326 outsize=578 ok=1
Cmd: compileSnippet
  api=4 type=0 insize=1049 outsize=1152 kw= ok=1
Cmd: compileSnippet
  api=4 type=1 insize=1049 outsize=1071 kw= ok=1
Cmd: preprocess
  insize=5149 outsize=1741 ok=1
Cmd: compileSnippet
  api=4 type=0 insize=3712 outsize=1769 kw= ok=1
Cmd: compileSnippet
  api=4 type=1 insize=3712 outsize=6961 kw= ok=1
Cmd: preprocess
  insize=6801 outsize=255 ok=1
Cmd: compileSnippet
  api=4 type=0 insize=6848 outsize=1396 kw= ok=1
Cmd: compileSnippet
  api=4 type=1 insize=6848 outsize=4434 kw= ok=1
Cmd: preprocess
  insize=4528 outsize=555 ok=1
Cmd: compileSnippet
  api=4 type=0 insize=4182 outsize=2216 kw= ok=1
Cmd: compileSnippet
  api=4 type=1 insize=4182 outsize=7043 kw= ok=1
Cmd: compileSnippet
  api=4 type=0 insize=4186 outsize=2216 kw= ok=1
Cmd: compileSnippet
  api=4 type=1 insize=4186 outsize=6108 kw= ok=1
Cmd: preprocess
  insize=1834 outsize=899 ok=1
Cmd: compileSnippet
  api=4 type=0 insize=1237 outsize=1404 kw= ok=1
Cmd: compileSnippet
  api=4 type=1 insize=1237 outsize=1184 kw= ok=1
Cmd: preprocess
  insize=2338 outsize=731 ok=1
Cmd: compileSnippet
  api=4 type=0 insize=1909 outsize=1290 kw=SOFTPARTICLES_OFF ok=1
Cmd: compileSnippet
  api=4 type=1 insize=1909 outsize=1006 kw=SOFTPARTICLES_OFF ok=1
Cmd: preprocess
  insize=2474 outsize=494 ok=1
Cmd: compileSnippet
  api=4 type=0 insize=2284 outsize=2094 kw= ok=1
Cmd: compileSnippet
  api=4 type=1 insize=2284 outsize=2273 kw= ok=1
Cmd: preprocess
  insize=435 outsize=435 ok=1
Cmd: preprocess
  insize=3231 outsize=3785 ok=1
Cmd: compileSnippet
  api=4 type=0 insize=7347 outsize=3866 kw=DIRECTIONAL SHADOWS_OFF LIGHTMAP_OFF DIRLIGHTMAP_OFF DYNAMICLIGHTMAP_OFF ok=1
Cmd: compileSnippet
  api=4 type=1 insize=7347 outsize=2208 kw=DIRECTIONAL SHADOWS_OFF LIGHTMAP_OFF DIRLIGHTMAP_OFF DYNAMICLIGHTMAP_OFF ok=1
Cmd: compileSnippet
  api=4 type=0 insize=3927 outsize=2679 kw=POINT ok=1
Cmd: compileSnippet
  api=4 type=1 insize=3927 outsize=1761 kw=POINT ok=1
Cmd: compileSnippet
  api=4 type=0 insize=3179 outsize=2533 kw= ok=1
Cmd: compileSnippet
  api=4 type=1 insize=3179 outsize=697 kw= ok=1
Cmd: compileSnippet
  api=4 type=0 insize=6601 outsize=4516 kw=LIGHTMAP_OFF DIRLIGHTMAP_OFF DYNAMICLIGHTMAP_OFF HDR_LIGHT_PREPASS_OFF ok=1
Cmd: compileSnippet
  api=4 type=1 insize=6601 outsize=1908 kw=LIGHTMAP_OFF DIRLIGHTMAP_OFF DYNAMICLIGHTMAP_OFF HDR_LIGHT_PREPASS_OFF ok=1
Cmd: compileSnippet
  api=4 type=0 insize=6426 outsize=3866 kw=LIGHTMAP_OFF DIRLIGHTMAP_OFF DYNAMICLIGHTMAP_OFF HDR_LIGHT_PREPASS_OFF ok=1
Cmd: compileSnippet
  api=4 type=1 insize=6426 outsize=2484 kw=LIGHTMAP_OFF DIRLIGHTMAP_OFF DYNAMICLIGHTMAP_OFF HDR_LIGHT_PREPASS_OFF ok=1
Cmd: compileSnippet
  api=4 type=0 insize=2984 outsize=3979 kw=SHADOWS_DEPTH ok=1
Cmd: compileSnippet
  api=4 type=1 insize=2984 outsize=526 kw=SHADOWS_DEPTH ok=1
Cmd: compileSnippet
  api=4 type=0 insize=3625 outsize=3833 kw= ok=1
Cmd: compileSnippet
  api=4 type=1 insize=3625 outsize=2720 kw= ok=1
Cmd: compileSnippet
  api=4 type=0 insize=504 outsize=4402 kw= ok=1
Cmd: compileSnippet
  api=4 type=1 insize=504 outsize=1932 kw= ok=1
Cmd: compileSnippet
  api=4 type=0 insize=500 outsize=4402 kw= ok=1
Cmd: compileSnippet
  api=4 type=1 insize=500 outsize=1932 kw= ok=1
Cmd: compileSnippet
  api=4 type=0 insize=500 outsize=4402 kw= ok=1
Cmd: compileSnippet
  api=4 type=1 insize=500 outsize=1932 kw= ok=1
Cmd: preprocess
  insize=1401 outsize=544 ok=1
Cmd: compileSnippet
  error: 1 plat 4 at (44): Output value 'vert' is not completely initialized\nCompiling Vertex program
  api=4 type=0 insize=1159 outsize=1469 kw= ok=1
Cmd: compileSnippet
  api=4 type=1 insize=1159 outsize=835 kw= ok=1
Cmd: preprocess
  insize=4848 outsize=1016 ok=1
Cmd: compileSnippet
  api=4 type=0 insize=3817 outsize=1314 kw= ok=1
Cmd: compileSnippet
  api=4 type=1 insize=3817 outsize=1217 kw= ok=1
Cmd: compileSnippet
  api=4 type=0 insize=3824 outsize=1249 kw= ok=1
Cmd: compileSnippet
  api=4 type=1 insize=3824 outsize=1201 kw= ok=1
Cmd: compileSnippet
  api=4 type=0 insize=3822 outsize=1314 kw= ok=1
Cmd: compileSnippet
  api=4 type=1 insize=3822 outsize=1688 kw= ok=1
Cmd: compileSnippet
  api=4 type=0 insize=3824 outsize=1314 kw= ok=1
Cmd: compileSnippet
  api=4 type=1 insize=3824 outsize=1989 kw= ok=1
Cmd: compileSnippet
  api=4 type=0 insize=3814 outsize=1314 kw= ok=1
Cmd: compileSnippet
  api=4 type=1 insize=3814 outsize=989 kw= ok=1
Cmd: preprocess
  insize=2084 outsize=593 ok=1
Cmd: compileSnippet
  error: 1 plat 4 at (50): Output value 'vert' is not completely initialized\nCompiling Vertex program
  api=4 type=0 insize=1793 outsize=2541 kw= ok=1
Cmd: compileSnippet
  api=4 type=1 insize=1793 outsize=1420 kw= ok=1
Cmd: preprocess
  insize=5752 outsize=1269 ok=1
Cmd: compileSnippet
  api=4 type=0 insize=4241 outsize=1444 kw= ok=1
Cmd: compileSnippet
  api=4 type=1 insize=4241 outsize=3208 kw= ok=1
Cmd: compileSnippet
  error: 1 plat 4 at (72): Output value 'vertApply' is not completely initialized\nCompiling Vertex program
  api=4 type=0 insize=3327 outsize=1201 kw= ok=1
Cmd: compileSnippet
  api=4 type=1 insize=3327 outsize=1672 kw= ok=1
Cmd: compileSnippet
  api=4 type=4 insize=3327 outsize=3606 kw= ok=1
Cmd: compileSnippet
  error: 1 plat 4 at (72): Output value 'vertApply' is not completely initialized\nCompiling Vertex program
  api=4 type=0 insize=3327 outsize=1201 kw= ok=1
Cmd: compileSnippet
  api=4 type=1 insize=3327 outsize=1672 kw= ok=1
Cmd: compileSnippet
  api=4 type=4 insize=3327 outsize=3606 kw= ok=1
Cmd: preprocess
  insize=778 outsize=304 ok=1
Cmd: compileSnippet
  api=4 type=0 insize=776 outsize=1006 kw= ok=1
Cmd: compileSnippet
  api=4 type=1 insize=776 outsize=673 kw= ok=1
Cmd: preprocess
  insize=721 outsize=317 ok=1
Cmd: compileSnippet
  api=4 type=0 insize=706 outsize=1006 kw= ok=1
Cmd: compileSnippet
  api=4 type=1 insize=706 outsize=1404 kw= ok=1
Cmd: preprocess
  insize=904 outsize=497 ok=1
Cmd: compileSnippet
  api=4 type=0 insize=709 outsize=973 kw= ok=1
Cmd: compileSnippet
  api=4 type=1 insize=709 outsize=453 kw= ok=1
Cmd: preprocess
  insize=3918 outsize=651 ok=1
Cmd: compileSnippet
  api=4 type=0 insize=3312 outsize=1006 kw= ok=1
Cmd: compileSnippet
  api=4 type=1 insize=3312 outsize=1274 kw= ok=1
Cmd: compileSnippet
  api=4 type=0 insize=3319 outsize=2151 kw= ok=1
Cmd: compileSnippet
  api=4 type=1 insize=3319 outsize=1851 kw= ok=1
Cmd: compileSnippet
  api=4 type=0 insize=3328 outsize=2135 kw= ok=1
Cmd: compileSnippet
  api=4 type=1 insize=3328 outsize=2208 kw= ok=1
Cmd: compileSnippet
  api=4 type=0 insize=3323 outsize=2135 kw= ok=1
Cmd: compileSnippet
  api=4 type=1 insize=3323 outsize=2419 kw= ok=1
Cmd: preprocess
  insize=873 outsize=301 ok=1
Cmd: compileSnippet
  api=4 type=0 insize=877 outsize=1006 kw= ok=1
Cmd: compileSnippet
  api=4 type=1 insize=877 outsize=1103 kw= ok=1
Cmd: preprocess
  insize=1458 outsize=859 ok=1
Cmd: compileSnippet
  api=4 type=0 insize=901 outsize=1209 kw= ok=1
Cmd: compileSnippet
  api=4 type=1 insize=901 outsize=770 kw= ok=1
Cmd: preprocess
  insize=1725 outsize=1007 ok=1
Cmd: compileSnippet
  api=4 type=0 insize=1020 outsize=1290 kw= ok=1
Cmd: compileSnippet
  api=4 type=1 insize=1020 outsize=924 kw= ok=1
Cmd: preprocess
  insize=1339 outsize=296 ok=1
Cmd: compileSnippet
  api=4 type=0 insize=1347 outsize=1574 kw= ok=1
Cmd: compileSnippet
  api=4 type=1 insize=1347 outsize=1956 kw= ok=1
Cmd: preprocess
  insize=2143 outsize=982 ok=1
Cmd: compileSnippet
  api=4 type=0 insize=905 outsize=1087 kw= ok=1
Cmd: compileSnippet
  api=4 type=1 insize=905 outsize=754 kw= ok=1
Cmd: compileSnippet
  api=4 type=0 insize=860 outsize=1087 kw= ok=1
Cmd: compileSnippet
  api=4 type=1 insize=860 outsize=616 kw= ok=1
Cmd: preprocess
  insize=5978 outsize=3819 ok=1
Cmd: compileSnippet
  api=4 type=0 insize=9481 outsize=5377 kw=DIRECTIONAL LIGHTMAP_OFF DIRLIGHTMAP_OFF DYNAMICLIGHTMAP_OFF ok=1
Cmd: compileSnippet
  api=4 type=1 insize=9481 outsize=4337 kw=DIRECTIONAL LIGHTMAP_OFF DIRLIGHTMAP_OFF DYNAMICLIGHTMAP_OFF ok=1
Cmd: compileSnippet
  api=4 type=0 insize=6672 outsize=4459 kw=POINT ok=1
Cmd: compileSnippet
  api=4 type=1 insize=6672 outsize=4841 kw=POINT ok=1
Cmd: compileSnippet
  api=4 type=0 insize=6088 outsize=5028 kw= ok=1
Cmd: compileSnippet
  api=4 type=1 insize=6088 outsize=2541 kw= ok=1
Cmd: compileSnippet
  api=4 type=0 insize=8291 outsize=4930 kw=DIRECTIONAL LIGHTMAP_OFF DIRLIGHTMAP_OFF DYNAMICLIGHTMAP_OFF ok=1
Cmd: compileSnippet
  api=4 type=1 insize=8291 outsize=3882 kw=DIRECTIONAL LIGHTMAP_OFF DIRLIGHTMAP_OFF DYNAMICLIGHTMAP_OFF ok=1
Cmd: compileSnippet
  api=4 type=0 insize=5569 outsize=4012 kw=POINT ok=1
Cmd: compileSnippet
  api=4 type=1 insize=5569 outsize=4353 kw=POINT ok=1
Cmd: compileSnippet
  api=4 type=0 insize=4985 outsize=4313 kw= ok=1
Cmd: compileSnippet
  api=4 type=1 insize=4985 outsize=1834 kw= ok=1
Cmd: compileSnippet
  api=4 type=0 insize=7340 outsize=3809 kw=DIRECTIONAL LIGHTMAP_OFF DIRLIGHTMAP_OFF DYNAMICLIGHTMAP_OFF ok=1
Cmd: compileSnippet
  api=4 type=1 insize=7340 outsize=1818 kw=DIRECTIONAL LIGHTMAP_OFF DIRLIGHTMAP_OFF DYNAMICLIGHTMAP_OFF ok=1
Cmd: compileSnippet
  api=4 type=0 insize=4110 outsize=2899 kw=POINT ok=1
Cmd: compileSnippet
  api=4 type=1 insize=4110 outsize=2452 kw=POINT ok=1
Cmd: compileSnippet
  api=4 type=0 insize=3457 outsize=2631 kw= ok=1
Cmd: compileSnippet
  api=4 type=1 insize=3457 outsize=1737 kw= ok=1
Cmd: preprocess
  insize=1524 outsize=883 ok=1
Cmd: compileSnippet
  api=4 type=0 insize=942 outsize=1209 kw= ok=1
Cmd: compileSnippet
  api=4 type=1 insize=942 outsize=770 kw= ok=1
Cmd: preprocess
  insize=2361 outsize=2710 ok=1
Cmd: compileSnippet
  api=4 type=0 insize=8060 outsize=4784 kw=DIRECTIONAL SHADOWS_OFF LIGHTMAP_OFF DIRLIGHTMAP_OFF DYNAMICLIGHTMAP_OFF ok=1
Cmd: compileSnippet
  api=4 type=1 insize=8060 outsize=3492 kw=DIRECTIONAL SHADOWS_OFF LIGHTMAP_OFF DIRLIGHTMAP_OFF DYNAMICLIGHTMAP_OFF ok=1
Cmd: compileSnippet
  api=4 type=0 insize=5363 outsize=3866 kw=POINT ok=1
Cmd: compileSnippet
  api=4 type=1 insize=5363 outsize=4044 kw=POINT ok=1
Cmd: compileSnippet
  api=4 type=0 insize=4664 outsize=4166 kw= ok=1
Cmd: compileSnippet
  api=4 type=1 insize=4664 outsize=1509 kw= ok=1
Cmd: compileSnippet
  api=4 type=0 insize=6915 outsize=3663 kw=DIRECTIONAL SHADOWS_OFF LIGHTMAP_OFF DIRLIGHTMAP_OFF DYNAMICLIGHTMAP_OFF ok=1
Cmd: compileSnippet
  api=4 type=1 insize=6915 outsize=1412 kw=DIRECTIONAL SHADOWS_OFF LIGHTMAP_OFF DIRLIGHTMAP_OFF DYNAMICLIGHTMAP_OFF ok=1
Cmd: compileSnippet
  api=4 type=0 insize=3752 outsize=2753 kw=POINT ok=1
Cmd: compileSnippet
  api=4 type=1 insize=3752 outsize=2046 kw=POINT ok=1
Cmd: compileSnippet
  api=4 type=0 insize=2910 outsize=2533 kw= ok=1
Cmd: compileSnippet
  api=4 type=1 insize=2910 outsize=697 kw= ok=1
Cmd: compileSnippet
  api=4 type=0 insize=6101 outsize=4077 kw=LIGHTMAP_OFF DIRLIGHTMAP_OFF DYNAMICLIGHTMAP_OFF HDR_LIGHT_PREPASS_OFF ok=1
Cmd: compileSnippet
  api=4 type=1 insize=6101 outsize=1461 kw=LIGHTMAP_OFF DIRLIGHTMAP_OFF DYNAMICLIGHTMAP_OFF HDR_LIGHT_PREPASS_OFF ok=1
Cmd: compileSnippet
  api=4 type=0 insize=6033 outsize=3801 kw=LIGHTMAP_OFF DIRLIGHTMAP_OFF DYNAMICLIGHTMAP_OFF HDR_LIGHT_PREPASS_OFF ok=1
Cmd: compileSnippet
  api=4 type=1 insize=6033 outsize=1745 kw=LIGHTMAP_OFF DIRLIGHTMAP_OFF DYNAMICLIGHTMAP_OFF HDR_LIGHT_PREPASS_OFF ok=1
Cmd: compileSnippet
  api=4 type=0 insize=3101 outsize=2484 kw= ok=1
Cmd: compileSnippet
  api=4 type=1 insize=3101 outsize=1412 kw= ok=1
Cmd: preprocess
  insize=1277 outsize=594 ok=1
Cmd: compileSnippet
  api=4 type=0 insize=985 outsize=1152 kw= ok=1
Cmd: compileSnippet
  api=4 type=1 insize=985 outsize=851 kw= ok=1
Cmd: preprocess
  insize=5314 outsize=775 ok=1
Cmd: compileSnippet
  api=4 type=0 insize=4700 outsize=1014 kw= ok=1
Cmd: compileSnippet
  api=4 type=1 insize=4700 outsize=1964 kw= ok=1
Cmd: compileSnippet
  api=4 type=0 insize=4705 outsize=1014 kw= ok=1
Cmd: compileSnippet
  api=4 type=1 insize=4705 outsize=1696 kw= ok=1
Cmd: compileSnippet
  api=4 type=0 insize=4715 outsize=1014 kw= ok=1
Cmd: compileSnippet
  error: 1 plat 4 at (151): integer modulus may be much slower, try using uints if possible.\nCompiling Fragment program
  api=4 type=1 insize=4715 outsize=6466 kw= ok=1
Cmd: preprocess
  insize=1232 outsize=483 ok=1
Cmd: compileSnippet
  api=4 type=0 insize=1051 outsize=1209 kw= ok=1
Cmd: compileSnippet
  api=4 type=1 insize=1051 outsize=1379 kw= ok=1
Cmd: preprocess
  insize=1080 outsize=489 ok=1
Cmd: compileSnippet
  api=4 type=0 insize=893 outsize=1144 kw= ok=1
Cmd: compileSnippet
  api=4 type=1 insize=893 outsize=1038 kw= ok=1
Cmd: preprocess
  insize=2107 outsize=492 ok=1
Cmd: compileSnippet
  api=4 type=0 insize=1917 outsize=1713 kw= ok=1
Cmd: compileSnippet
  api=4 type=1 insize=1917 outsize=1932 kw= ok=1
Cmd: preprocess
  insize=1213 outsize=389 ok=1
Cmd: compileSnippet
  api=4 type=0 insize=1129 outsize=1249 kw= ok=1
Cmd: compileSnippet
  api=4 type=1 insize=1129 outsize=1201 kw= ok=1
Cmd: preprocess
  insize=574 outsize=259 ok=1
Cmd: compileSnippet
  api=4 type=0 insize=617 outsize=843 kw= ok=1
Cmd: compileSnippet
  api=4 type=1 insize=617 outsize=453 kw= ok=1
Cmd: preprocess
  insize=724 outsize=315 ok=1
Cmd: compileSnippet
  api=4 type=0 insize=714 outsize=1006 kw= ok=1
Cmd: compileSnippet
  api=4 type=1 insize=714 outsize=729 kw= ok=1
Cmd: preprocess
  insize=1668 outsize=929 ok=1
Cmd: compileSnippet
  api=4 type=0 insize=1041 outsize=1290 kw= ok=1
Cmd: compileSnippet
  api=4 type=1 insize=1041 outsize=1006 kw= ok=1
Cmd: preprocess
  insize=5281 outsize=888 ok=1
Cmd: compileSnippet
  api=4 type=0 insize=4431 outsize=1599 kw= ok=1
Cmd: compileSnippet
  api=4 type=1 insize=4431 outsize=1323 kw= ok=1
Cmd: compileSnippet
  api=4 type=0 insize=4435 outsize=1412 kw= ok=1
Cmd: compileSnippet
  api=4 type=1 insize=4435 outsize=1534 kw= ok=1
Cmd: compileSnippet
  api=4 type=0 insize=4436 outsize=1412 kw= ok=1
Cmd: compileSnippet
  api=4 type=1 insize=4436 outsize=1534 kw= ok=1
Cmd: compileSnippet
  api=4 type=0 insize=4440 outsize=1769 kw= ok=1
Cmd: compileSnippet
  api=4 type=1 insize=4440 outsize=1802 kw= ok=1
Cmd: compileSnippet
  api=4 type=0 insize=4441 outsize=1769 kw= ok=1
Cmd: compileSnippet
  api=4 type=1 insize=4441 outsize=1802 kw= ok=1
Cmd: preprocess
  insize=1727 outsize=682 ok=1
Cmd: compileSnippet
  api=4 type=0 insize=1346 outsize=1542 kw= ok=1
Cmd: compileSnippet
  api=4 type=1 insize=1346 outsize=1258 kw= ok=1
Cmd: preprocess
  insize=3069 outsize=3615 ok=1
Cmd: compileSnippet
  api=4 type=0 insize=7067 outsize=3435 kw=DIRECTIONAL SHADOWS_OFF LIGHTMAP_OFF DIRLIGHTMAP_OFF DYNAMICLIGHTMAP_OFF ok=1
Cmd: compileSnippet
  api=4 type=1 insize=7067 outsize=2038 kw=DIRECTIONAL SHADOWS_OFF LIGHTMAP_OFF DIRLIGHTMAP_OFF DYNAMICLIGHTMAP_OFF ok=1
Cmd: compileSnippet
  api=4 type=0 insize=3856 outsize=2679 kw=POINT ok=1
Cmd: compileSnippet
  api=4 type=1 insize=3856 outsize=1761 kw=POINT ok=1
Cmd: compileSnippet
  api=4 type=0 insize=3108 outsize=2533 kw= ok=1
Cmd: compileSnippet
  api=4 type=1 insize=3108 outsize=697 kw= ok=1
Cmd: compileSnippet
  api=4 type=0 insize=6352 outsize=4118 kw=LIGHTMAP_OFF DIRLIGHTMAP_OFF DYNAMICLIGHTMAP_OFF HDR_LIGHT_PREPASS_OFF ok=1
Cmd: compileSnippet
  api=4 type=1 insize=6352 outsize=1737 kw=LIGHTMAP_OFF DIRLIGHTMAP_OFF DYNAMICLIGHTMAP_OFF HDR_LIGHT_PREPASS_OFF ok=1
Cmd: compileSnippet
  api=4 type=0 insize=6177 outsize=3435 kw=LIGHTMAP_OFF DIRLIGHTMAP_OFF DYNAMICLIGHTMAP_OFF HDR_LIGHT_PREPASS_OFF ok=1
Cmd: compileSnippet
  api=4 type=1 insize=6177 outsize=2314 kw=LIGHTMAP_OFF DIRLIGHTMAP_OFF DYNAMICLIGHTMAP_OFF HDR_LIGHT_PREPASS_OFF ok=1
Cmd: compileSnippet
  api=4 type=0 insize=2913 outsize=3979 kw=SHADOWS_DEPTH ok=1
Cmd: compileSnippet
  api=4 type=1 insize=2913 outsize=526 kw=SHADOWS_DEPTH ok=1
Cmd: compileSnippet
  api=4 type=0 insize=3375 outsize=3362 kw= ok=1
Cmd: compileSnippet
  api=4 type=1 insize=3375 outsize=2549 kw= ok=1
Cmd: compileSnippet
  api=4 type=0 insize=493 outsize=3939 kw= ok=1
Cmd: compileSnippet
  api=4 type=1 insize=493 outsize=1558 kw= ok=1
Cmd: compileSnippet
  api=4 type=0 insize=531 outsize=3939 kw= ok=1
Cmd: compileSnippet
  api=4 type=1 insize=531 outsize=1558 kw= ok=1
Cmd: compileSnippet
  api=4 type=0 insize=531 outsize=3939 kw= ok=1
Cmd: compileSnippet
  api=4 type=1 insize=531 outsize=1558 kw= ok=1
Cmd: preprocess
  insize=4890 outsize=547 ok=1
Cmd: compileSnippet
  api=4 type=0 insize=4647 outsize=3939 kw= ok=1
Cmd: compileSnippet
  api=4 type=1 insize=4647 outsize=518 kw= ok=1
Cmd: compileSnippet
  api=4 type=0 insize=541 outsize=3533 kw=SHADOWS_DEPTH ok=1
Cmd: compileSnippet
  api=4 type=1 insize=541 outsize=453 kw=SHADOWS_DEPTH ok=1
Cmd: compileSnippet
  api=4 type=0 insize=6810 outsize=3663 kw=DIRECTIONAL SHADOWS_OFF LIGHTMAP_OFF DIRLIGHTMAP_OFF DYNAMICLIGHTMAP_OFF ok=1
Cmd: compileSnippet
  api=4 type=1 insize=6810 outsize=1314 kw=DIRECTIONAL SHADOWS_OFF LIGHTMAP_OFF DIRLIGHTMAP_OFF DYNAMICLIGHTMAP_OFF ok=1
Cmd: compileSnippet
  api=4 type=0 insize=7257 outsize=4873 kw=DIRECTIONAL SHADOWS_OFF LIGHTMAP_OFF DIRLIGHTMAP_OFF DYNAMICLIGHTMAP_OFF ok=1
Cmd: compileSnippet
  api=4 type=1 insize=7257 outsize=2054 kw=DIRECTIONAL SHADOWS_OFF LIGHTMAP_OFF DIRLIGHTMAP_OFF DYNAMICLIGHTMAP_OFF ok=1
Cmd: compileSnippet
  api=4 type=0 insize=3647 outsize=2753 kw=DIRECTIONAL ok=1
Cmd: compileSnippet
  api=4 type=1 insize=3647 outsize=1168 kw=DIRECTIONAL ok=1
Cmd: compileSnippet
  api=4 type=0 insize=4694 outsize=3955 kw=DIRECTIONAL ok=1
Cmd: compileSnippet
  api=4 type=1 insize=4694 outsize=1956 kw=DIRECTIONAL ok=1
Cmd: compileSnippet
  api=4 type=0 insize=1705 outsize=1290 kw=SOFTPARTICLES_OFF ok=1
Cmd: compileSnippet
  api=4 type=1 insize=1705 outsize=924 kw=SOFTPARTICLES_OFF ok=1
Cmd: compileSnippet
  api=4 type=0 insize=3071 outsize=6425 kw=SHADOWS_DEPTH ok=1
Cmd: compileSnippet
  api=4 type=1 insize=3071 outsize=526 kw=SHADOWS_DEPTH ok=1
Cmd: compileSnippet
  api=4 type=0 insize=7509 outsize=7554 kw=DIRECTIONAL SHADOWS_OFF LIGHTMAP_OFF DIRLIGHTMAP_OFF DYNAMICLIGHTMAP_OFF ok=1
Cmd: compileSnippet
  api=4 type=1 insize=7509 outsize=3419 kw=DIRECTIONAL SHADOWS_OFF LIGHTMAP_OFF DIRLIGHTMAP_OFF DYNAMICLIGHTMAP_OFF ok=1
Cmd: compileSnippet
  api=4 type=0 insize=1105 outsize=7368 kw=SHADOWS_DEPTH ok=1
Cmd: compileSnippet
  api=4 type=1 insize=1105 outsize=884 kw=SHADOWS_DEPTH ok=1
Cmd: compileSnippet
  api=4 type=0 insize=6872 outsize=8993 kw=DIRECTIONAL SHADOWS_OFF LIGHTMAP_OFF DIRLIGHTMAP_OFF DYNAMICLIGHTMAP_OFF ok=1
Cmd: compileSnippet
  api=4 type=1 insize=6872 outsize=4134 kw=DIRECTIONAL SHADOWS_OFF LIGHTMAP_OFF DIRLIGHTMAP_OFF DYNAMICLIGHTMAP_OFF ok=1
Cmd: compileSnippet
  api=4 type=0 insize=5077 outsize=6636 kw=DIRECTIONAL ok=1
Cmd: compileSnippet
  api=4 type=1 insize=5077 outsize=3224 kw=DIRECTIONAL ok=1
Cmd: compileSnippet
  api=4 type=0 insize=751 outsize=3533 kw=SHADOWS_DEPTH ok=1
Cmd: compileSnippet
  api=4 type=1 insize=751 outsize=380 kw=SHADOWS_DEPTH ok=1
Cmd: compileSnippet
  api=4 type=0 insize=982 outsize=3979 kw=DIRECTIONAL SHADOWS_OFF LIGHTMAP_OFF DIRLIGHTMAP_OFF DYNAMICLIGHTMAP_OFF ok=1
Cmd: compileSnippet
  api=4 type=1 insize=982 outsize=10561 kw=DIRECTIONAL SHADOWS_OFF LIGHTMAP_OFF DIRLIGHTMAP_OFF DYNAMICLIGHTMAP_OFF ok=1
Cmd: compileSnippet
  api=4 type=0 insize=938 outsize=4036 kw=DIRECTIONAL SHADOWS_OFF ok=1
Cmd: compileSnippet
  api=4 type=1 insize=938 outsize=5515 kw=DIRECTIONAL SHADOWS_OFF ok=1
Cmd: compileSnippet
  api=4 type=0 insize=1642 outsize=1290 kw=SOFTPARTICLES_OFF ok=1
Cmd: compileSnippet
  api=4 type=1 insize=1642 outsize=924 kw=SOFTPARTICLES_OFF ok=1
Cmd: compileSnippet
  api=4 type=0 insize=7523 outsize=4719 kw=DIRECTIONAL SHADOWS_OFF LIGHTMAP_OFF DIRLIGHTMAP_OFF DYNAMICLIGHTMAP_OFF ok=1
Cmd: compileSnippet
  api=4 type=1 insize=7523 outsize=3476 kw=DIRECTIONAL SHADOWS_OFF LIGHTMAP_OFF DIRLIGHTMAP_OFF DYNAMICLIGHTMAP_OFF ok=1
Cmd: compileSnippet
  api=4 type=0 insize=4918 outsize=3955 kw=DIRECTIONAL ok=1
Cmd: compileSnippet
  api=4 type=1 insize=4918 outsize=2907 kw=DIRECTIONAL ok=1
Cmd: compileSnippet
  api=4 type=0 insize=3759 outsize=2679 kw=DIRECTIONAL ok=1
Cmd: compileSnippet
  api=4 type=1 insize=3759 outsize=981 kw=DIRECTIONAL ok=1
Cmd: compileSnippet
  api=4 type=0 insize=3101 outsize=7368 kw=SHADOWS_DEPTH ok=1
Cmd: compileSnippet
  api=4 type=1 insize=3101 outsize=884 kw=SHADOWS_DEPTH ok=1
Cmd: compileSnippet
  api=4 type=0 insize=6869 outsize=8993 kw=DIRECTIONAL SHADOWS_OFF LIGHTMAP_OFF DIRLIGHTMAP_OFF DYNAMICLIGHTMAP_OFF ok=1
Cmd: compileSnippet
  api=4 type=1 insize=6869 outsize=4207 kw=DIRECTIONAL SHADOWS_OFF LIGHTMAP_OFF DIRLIGHTMAP_OFF DYNAMICLIGHTMAP_OFF ok=1
Cmd: compileSnippet
  api=4 type=0 insize=3798 outsize=2533 kw=DIRECTIONAL ok=1
Cmd: compileSnippet
  api=4 type=1 insize=3798 outsize=1266 kw=DIRECTIONAL ok=1
Cmd: compileSnippet
  api=4 type=0 insize=7636 outsize=4881 kw=DIRECTIONAL SHADOWS_OFF LIGHTMAP_OFF DIRLIGHTMAP_OFF DYNAMICLIGHTMAP_OFF ok=1
Cmd: compileSnippet
  api=4 type=1 insize=7636 outsize=2671 kw=DIRECTIONAL SHADOWS_OFF LIGHTMAP_OFF DIRLIGHTMAP_OFF DYNAMICLIGHTMAP_OFF ok=1
Cmd: compileSnippet
  api=4 type=0 insize=4854 outsize=3955 kw=DIRECTIONAL ok=1
Cmd: compileSnippet
  api=4 type=1 insize=4854 outsize=1956 kw=DIRECTIONAL ok=1
Cmd: compileSnippet
  api=4 type=0 insize=577 outsize=3533 kw=SHADOWS_DEPTH ok=1
Cmd: compileSnippet
  api=4 type=1 insize=577 outsize=453 kw=SHADOWS_DEPTH ok=1
Cmd: compileSnippet
  api=4 type=0 insize=6800 outsize=3663 kw=DIRECTIONAL SHADOWS_OFF LIGHTMAP_OFF DIRLIGHTMAP_OFF DYNAMICLIGHTMAP_OFF ok=1
Cmd: compileSnippet
  api=4 type=1 insize=6800 outsize=1249 kw=DIRECTIONAL SHADOWS_OFF LIGHTMAP_OFF DIRLIGHTMAP_OFF DYNAMICLIGHTMAP_OFF ok=1
Cmd: compileSnippet
  api=4 type=0 insize=1333 outsize=1404 kw= ok=1
Cmd: compileSnippet
  api=4 type=1 insize=1333 outsize=1168 kw= ok=1
Cmd: compileSnippet
  api=4 type=0 insize=1329 outsize=1404 kw= ok=1
Cmd: compileSnippet
  api=4 type=1 insize=1329 outsize=1168 kw= ok=1
Cmd: compileSnippet
  api=4 type=0 insize=1329 outsize=1404 kw= ok=1
Cmd: compileSnippet
  api=4 type=1 insize=1329 outsize=1168 kw= ok=1
Cmd: compileSnippet
  api=4 type=0 insize=1333 outsize=1404 kw= ok=1
Cmd: compileSnippet
  api=4 type=1 insize=1333 outsize=1168 kw= ok=1
Cmd: compileSnippet
  api=4 type=0 insize=1321 outsize=1404 kw= ok=1
Cmd: compileSnippet
  api=4 type=1 insize=1321 outsize=1168 kw= ok=1
Cmd: compileSnippet
  api=4 type=0 insize=1331 outsize=1404 kw= ok=1
Cmd: compileSnippet
  api=4 type=1 insize=1331 outsize=1168 kw= ok=1
Cmd: compileSnippet
  api=4 type=0 insize=7432 outsize=4719 kw=DIRECTIONAL LIGHTMAP_OFF DIRLIGHTMAP_OFF DYNAMICLIGHTMAP_OFF ok=1
Cmd: compileSnippet
  api=4 type=1 insize=7432 outsize=3500 kw=DIRECTIONAL LIGHTMAP_OFF DIRLIGHTMAP_OFF DYNAMICLIGHTMAP_OFF ok=1
Cmd: compileSnippet
  api=4 type=0 insize=4828 outsize=3955 kw=DIRECTIONAL ok=1
Cmd: compileSnippet
  api=4 type=1 insize=4828 outsize=2931 kw=DIRECTIONAL ok=1
Cmd: compileSnippet
  api=4 type=0 insize=6731 outsize=3663 kw=DIRECTIONAL LIGHTMAP_OFF DIRLIGHTMAP_OFF DYNAMICLIGHTMAP_OFF ok=1
Cmd: compileSnippet
  api=4 type=1 insize=6731 outsize=1314 kw=DIRECTIONAL LIGHTMAP_OFF DIRLIGHTMAP_OFF DYNAMICLIGHTMAP_OFF ok=1
Cmd: compileSnippet
  api=4 type=0 insize=3569 outsize=2753 kw=DIRECTIONAL ok=1
Cmd: compileSnippet
  api=4 type=1 insize=3569 outsize=1168 kw=DIRECTIONAL ok=1
Cmd: compileSnippet
  api=4 type=0 insize=3927 outsize=2679 kw=DIRECTIONAL ok=1
Cmd: compileSnippet
  api=4 type=1 insize=3927 outsize=981 kw=DIRECTIONAL ok=1
Cmd: compileSnippet
  api=4 type=0 insize=1706 outsize=1290 kw=SOFTPARTICLES_OFF ok=1
Cmd: compileSnippet
  api=4 type=1 insize=1706 outsize=868 kw=SOFTPARTICLES_OFF ok=1
Cmd: compileSnippet
  api=4 type=0 insize=797 outsize=3776 kw=SHADOWS_DEPTH ok=1
Cmd: compileSnippet
  api=4 type=1 insize=797 outsize=908 kw=SHADOWS_DEPTH ok=1
Cmd: compileSnippet
  api=4 type=0 insize=6862 outsize=3663 kw=DIRECTIONAL SHADOWS_OFF LIGHTMAP_OFF DIRLIGHTMAP_OFF DYNAMICLIGHTMAP_OFF ok=1
Cmd: compileSnippet
  api=4 type=1 insize=6862 outsize=1493 kw=DIRECTIONAL SHADOWS_OFF LIGHTMAP_OFF DIRLIGHTMAP_OFF DYNAMICLIGHTMAP_OFF ok=1
Cmd: compileSnippet
  api=4 type=0 insize=3686 outsize=2753 kw=DIRECTIONAL ok=1
Cmd: compileSnippet
  api=4 type=1 insize=3686 outsize=1347 kw=DIRECTIONAL ok=1
Cmd: compileSnippet
  api=4 type=0 insize=1004 outsize=4629 kw=SHADOWS_DEPTH ok=1
Cmd: compileSnippet
  api=4 type=1 insize=1004 outsize=884 kw=SHADOWS_DEPTH ok=1
Cmd: compileSnippet
  api=4 type=0 insize=631 outsize=4264 kw= ok=1
Cmd: compileSnippet
  api=4 type=1 insize=631 outsize=989 kw= ok=1
Cmd: compileSnippet
  api=4 type=0 insize=1106 outsize=1290 kw= ok=1
Cmd: compileSnippet
  api=4 type=1 insize=1106 outsize=1006 kw= ok=1
Cmd: compileSnippet
  api=4 type=0 insize=1109 outsize=1290 kw= ok=1
Cmd: compileSnippet
  api=4 type=1 insize=1109 outsize=1014 kw= ok=1
Cmd: compileSnippet
  api=4 type=0 insize=3856 outsize=2679 kw=DIRECTIONAL ok=1
Cmd: compileSnippet
  api=4 type=1 insize=3856 outsize=981 kw=DIRECTIONAL ok=1
Cmd: compileSnippet
  api=4 type=0 insize=990 outsize=1087 kw= ok=1
Cmd: compileSnippet
  api=4 type=1 insize=990 outsize=713 kw= ok=1
Cmd: compileSnippet
  api=4 type=0 insize=7025 outsize=3663 kw=DIRECTIONAL SHADOWS_OFF LIGHTMAP_OFF DIRLIGHTMAP_OFF DYNAMICLIGHTMAP_OFF ok=1
Cmd: compileSnippet
  api=4 type=1 insize=7025 outsize=2298 kw=DIRECTIONAL SHADOWS_OFF LIGHTMAP_OFF DIRLIGHTMAP_OFF DYNAMICLIGHTMAP_OFF ok=1
Cmd: compileSnippet
  api=4 type=0 insize=3820 outsize=2753 kw=DIRECTIONAL ok=1
Cmd: compileSnippet
  api=4 type=1 insize=3820 outsize=2151 kw=DIRECTIONAL ok=1
Cmd: compileSnippet
  api=4 type=0 insize=2996 outsize=6425 kw=SHADOWS_DEPTH ok=1
Cmd: compileSnippet
  api=4 type=1 insize=2996 outsize=526 kw=SHADOWS_DEPTH ok=1
Cmd: compileSnippet
  api=4 type=0 insize=7434 outsize=7554 kw=DIRECTIONAL SHADOWS_OFF LIGHTMAP_OFF DIRLIGHTMAP_OFF DYNAMICLIGHTMAP_OFF ok=1
Cmd: compileSnippet
  api=4 type=1 insize=7434 outsize=3362 kw=DIRECTIONAL SHADOWS_OFF LIGHTMAP_OFF DIRLIGHTMAP_OFF DYNAMICLIGHTMAP_OFF ok=1
Cmd: compileSnippet
  api=4 type=0 insize=5002 outsize=6636 kw=DIRECTIONAL ok=1
Cmd: compileSnippet
  api=4 type=1 insize=5002 outsize=3167 kw=DIRECTIONAL ok=1
Cmd: compileSnippet
  api=4 type=0 insize=7308 outsize=4873 kw=DIRECTIONAL SHADOWS_OFF LIGHTMAP_OFF DIRLIGHTMAP_OFF DYNAMICLIGHTMAP_OFF ok=1
Cmd: compileSnippet
  api=4 type=1 insize=7308 outsize=2233 kw=DIRECTIONAL SHADOWS_OFF LIGHTMAP_OFF DIRLIGHTMAP_OFF DYNAMICLIGHTMAP_OFF ok=1
Cmd: compileSnippet
  api=4 type=0 insize=4732 outsize=3955 kw=DIRECTIONAL ok=1
Cmd: compileSnippet
  api=4 type=1 insize=4732 outsize=2135 kw=DIRECTIONAL ok=1
Cmd: compileSnippet
  api=4 type=0 insize=3606 outsize=2753 kw=DIRECTIONAL ok=1
Cmd: compileSnippet
  api=4 type=1 insize=3606 outsize=1168 kw=DIRECTIONAL ok=1
Cmd: compileSnippet
  api=4 type=0 insize=5363 outsize=3866 kw=DIRECTIONAL ok=1
Cmd: compileSnippet
  api=4 type=1 insize=5363 outsize=3297 kw=DIRECTIONAL ok=1
Cmd: compileSnippet
  api=4 type=0 insize=5258 outsize=3866 kw=DIRECTIONAL ok=1
Cmd: compileSnippet
  api=4 type=1 insize=5258 outsize=3069 kw=DIRECTIONAL ok=1
Cmd: compileSnippet
  api=4 type=0 insize=14306 outsize=3825 kw=DIRECTIONAL SHADOWS_OFF LIGHTMAP_OFF DIRLIGHTMAP_OFF DYNAMICLIGHTMAP_OFF ok=1
Cmd: compileSnippet
  api=4 type=1 insize=14306 outsize=1436 kw=DIRECTIONAL SHADOWS_OFF LIGHTMAP_OFF DIRLIGHTMAP_OFF DYNAMICLIGHTMAP_OFF ok=1
Cmd: compileSnippet
  api=4 type=0 insize=7914 outsize=2915 kw=DIRECTIONAL ok=1
Cmd: compileSnippet
  api=4 type=1 insize=7914 outsize=1290 kw=DIRECTIONAL ok=1
Cmd: compileSnippet
  api=4 type=0 insize=7562 outsize=4719 kw=DIRECTIONAL SHADOWS_OFF LIGHTMAP_OFF DIRLIGHTMAP_OFF DYNAMICLIGHTMAP_OFF ok=1
Cmd: compileSnippet
  api=4 type=1 insize=7562 outsize=3654 kw=DIRECTIONAL SHADOWS_OFF LIGHTMAP_OFF DIRLIGHTMAP_OFF DYNAMICLIGHTMAP_OFF ok=1
Cmd: compileSnippet
  api=4 type=0 insize=4944 outsize=3955 kw=DIRECTIONAL ok=1
Cmd: compileSnippet
  api=4 type=1 insize=4944 outsize=3086 kw=DIRECTIONAL ok=1
Cmd: compileSnippet
  api=4 type=0 insize=1738 outsize=1290 kw=SOFTPARTICLES_OFF ok=1
Cmd: compileSnippet
  api=4 type=1 insize=1738 outsize=965 kw=SOFTPARTICLES_OFF ok=1
Cmd: compileSnippet
  api=4 type=0 insize=7075 outsize=3752 kw=DIRECTIONAL SHADOWS_OFF LIGHTMAP_OFF DIRLIGHTMAP_OFF DYNAMICLIGHTMAP_OFF ok=1
Cmd: compileSnippet
  api=4 type=1 insize=7075 outsize=1518 kw=DIRECTIONAL SHADOWS_OFF LIGHTMAP_OFF DIRLIGHTMAP_OFF DYNAMICLIGHTMAP_OFF ok=1
Cmd: compileSnippet
  api=4 type=0 insize=3755 outsize=2753 kw=DIRECTIONAL ok=1
Cmd: compileSnippet
  api=4 type=1 insize=3755 outsize=1168 kw=DIRECTIONAL ok=1
Cmd: compileSnippet
  api=4 type=0 insize=1811 outsize=1290 kw=SOFTPARTICLES_OFF ok=1
Cmd: compileSnippet
  api=4 type=1 insize=1811 outsize=1111 kw=SOFTPARTICLES_OFF ok=1
Cmd: compileSnippet
  api=4 type=0 insize=7080 outsize=4784 kw=DIRECTIONAL SHADOWS_OFF LIGHTMAP_OFF DIRLIGHTMAP_OFF DYNAMICLIGHTMAP_OFF ok=1
Cmd: compileSnippet
  api=4 type=1 insize=7080 outsize=1989 kw=DIRECTIONAL SHADOWS_OFF LIGHTMAP_OFF DIRLIGHTMAP_OFF DYNAMICLIGHTMAP_OFF ok=1
Cmd: compileSnippet
  api=4 type=0 insize=794 outsize=4402 kw=SHADOWS_DEPTH ok=1
Cmd: compileSnippet
  api=4 type=1 insize=794 outsize=453 kw=SHADOWS_DEPTH ok=1
Cmd: compileSnippet
  api=4 type=0 insize=619 outsize=4231 kw= ok=1
Cmd: compileSnippet
  api=4 type=1 insize=619 outsize=803 kw= ok=1
Cmd: compileSnippet
  api=4 type=0 insize=6672 outsize=4459 kw=DIRECTIONAL ok=1
Cmd: compileSnippet
  api=4 type=1 insize=6672 outsize=4093 kw=DIRECTIONAL ok=1
Cmd: compileSnippet
  api=4 type=0 insize=9591 outsize=10358 kw=UNITY_COLORSPACE_GAMMA ok=1
Cmd: compileSnippet
  api=4 type=1 insize=9591 outsize=2639 kw=UNITY_COLORSPACE_GAMMA ok=1
Cmd: compileSnippet
  api=4 type=0 insize=1482 outsize=1290 kw=SOFTPARTICLES_OFF ok=1
Cmd: compileSnippet
  api=4 type=1 insize=1482 outsize=827 kw=SOFTPARTICLES_OFF ok=1
