Base path: D:/Program Files (x86)/Unity/Editor/Data
Pipe name: \\.\pipe\UnityShaderCompiler-3-1584
Cmd: getPlatforms
Cmd: compileSnippet
  api=0 type=0 insize=5672 outsize=452 kw= ok=1
Cmd: compileSnippet
  api=1 type=0 insize=5668 outsize=318 kw= ok=1
Cmd: compileSnippet
  api=1 type=0 insize=5668 outsize=318 kw= ok=1
Cmd: compileSnippet
  api=0 type=0 insize=5670 outsize=601 kw= ok=1
Cmd: compileSnippet
  api=0 type=1 insize=1258 outsize=631 kw= ok=1
Cmd: compileSnippet
  api=0 type=1 insize=3753 outsize=1080 kw= ok=1
Cmd: compileSnippet
  api=1 type=0 insize=3757 outsize=443 kw= ok=1
Cmd: compileSnippet
  api=1 type=1 insize=905 outsize=77 kw= ok=1
Unhandled exception: Readfile from pipe failed. GLE=管道已结束。


Quitting shader compiler process
